running egg_info
writing /home/ubuntu/EN613/class4_ws/src/build/assignment4/assignment4.egg-info/PKG-INFO
writing dependency_links to /home/ubuntu/EN613/class4_ws/src/build/assignment4/assignment4.egg-info/dependency_links.txt
writing entry points to /home/ubuntu/EN613/class4_ws/src/build/assignment4/assignment4.egg-info/entry_points.txt
writing requirements to /home/ubuntu/EN613/class4_ws/src/build/assignment4/assignment4.egg-info/requires.txt
writing top-level names to /home/ubuntu/EN613/class4_ws/src/build/assignment4/assignment4.egg-info/top_level.txt
reading manifest file '/home/ubuntu/EN613/class4_ws/src/build/assignment4/assignment4.egg-info/SOURCES.txt'
writing manifest file '/home/ubuntu/EN613/class4_ws/src/build/assignment4/assignment4.egg-info/SOURCES.txt'
running build
running build_py
copying assignment4/assignment4.py -> /home/ubuntu/EN613/class4_ws/src/build/assignment4/build/lib/assignment4
running install
running install_lib
copying /home/ubuntu/EN613/class4_ws/src/build/assignment4/build/lib/assignment4/assignment4.py -> /home/ubuntu/EN613/class4_ws/src/install/assignment4/lib/python3.8/site-packages/assignment4
byte-compiling /home/ubuntu/EN613/class4_ws/src/install/assignment4/lib/python3.8/site-packages/assignment4/assignment4.py to assignment4.cpython-38.pyc
running install_data
running install_egg_info
removing '/home/ubuntu/EN613/class4_ws/src/install/assignment4/lib/python3.8/site-packages/assignment4-0.0.0-py3.8.egg-info' (and everything under it)
Copying /home/ubuntu/EN613/class4_ws/src/build/assignment4/assignment4.egg-info to /home/ubuntu/EN613/class4_ws/src/install/assignment4/lib/python3.8/site-packages/assignment4-0.0.0-py3.8.egg-info
running install_scripts
Installing joint_driver script to /home/ubuntu/EN613/class4_ws/src/install/assignment4/lib/assignment4
writing list of installed files to '/home/ubuntu/EN613/class4_ws/src/build/assignment4/install.log'
