[1.727s] Invoking command in '/home/ubuntu/EN613/class4_ws/src/assigment4': PYTHONPATH=/home/ubuntu/EN613/class4_ws/src/install/assignment4/lib/python3.8/site-packages:${PYTHONPATH} /usr/bin/python3 setup.py egg_info --egg-base /home/ubuntu/EN613/class4_ws/src/build/assignment4 build --build-base /home/ubuntu/EN613/class4_ws/src/build/assignment4/build install --prefix /home/ubuntu/EN613/class4_ws/src/install/assignment4 --record /home/ubuntu/EN613/class4_ws/src/build/assignment4/install.log --single-version-externally-managed
[3.125s] running egg_info
[3.134s] writing /home/ubuntu/EN613/class4_ws/src/build/assignment4/assignment4.egg-info/PKG-INFO
[3.152s] writing dependency_links to /home/ubuntu/EN613/class4_ws/src/build/assignment4/assignment4.egg-info/dependency_links.txt
[3.160s] writing entry points to /home/ubuntu/EN613/class4_ws/src/build/assignment4/assignment4.egg-info/entry_points.txt
[3.169s] writing requirements to /home/ubuntu/EN613/class4_ws/src/build/assignment4/assignment4.egg-info/requires.txt
[3.174s] writing top-level names to /home/ubuntu/EN613/class4_ws/src/build/assignment4/assignment4.egg-info/top_level.txt
[3.331s] reading manifest file '/home/ubuntu/EN613/class4_ws/src/build/assignment4/assignment4.egg-info/SOURCES.txt'
[3.429s] writing manifest file '/home/ubuntu/EN613/class4_ws/src/build/assignment4/assignment4.egg-info/SOURCES.txt'
[3.445s] running build
[3.449s] running build_py
[3.459s] copying assignment4/assignment4.py -> /home/ubuntu/EN613/class4_ws/src/build/assignment4/build/lib/assignment4
[3.509s] running install
[3.526s] running install_lib
[3.566s] copying /home/ubuntu/EN613/class4_ws/src/build/assignment4/build/lib/assignment4/assignment4.py -> /home/ubuntu/EN613/class4_ws/src/install/assignment4/lib/python3.8/site-packages/assignment4
[3.656s] byte-compiling /home/ubuntu/EN613/class4_ws/src/install/assignment4/lib/python3.8/site-packages/assignment4/assignment4.py to assignment4.cpython-38.pyc
[3.698s] running install_data
[3.747s] running install_egg_info
[3.764s] removing '/home/ubuntu/EN613/class4_ws/src/install/assignment4/lib/python3.8/site-packages/assignment4-0.0.0-py3.8.egg-info' (and everything under it)
[3.804s] Copying /home/ubuntu/EN613/class4_ws/src/build/assignment4/assignment4.egg-info to /home/ubuntu/EN613/class4_ws/src/install/assignment4/lib/python3.8/site-packages/assignment4-0.0.0-py3.8.egg-info
[4.041s] running install_scripts
[4.122s] Installing joint_driver script to /home/ubuntu/EN613/class4_ws/src/install/assignment4/lib/assignment4
[4.153s] writing list of installed files to '/home/ubuntu/EN613/class4_ws/src/build/assignment4/install.log'
[4.202s] Invoked command in '/home/ubuntu/EN613/class4_ws/src/assigment4' returned '0': PYTHONPATH=/home/ubuntu/EN613/class4_ws/src/install/assignment4/lib/python3.8/site-packages:${PYTHONPATH} /usr/bin/python3 setup.py egg_info --egg-base /home/ubuntu/EN613/class4_ws/src/build/assignment4 build --build-base /home/ubuntu/EN613/class4_ws/src/build/assignment4/build install --prefix /home/ubuntu/EN613/class4_ws/src/install/assignment4 --record /home/ubuntu/EN613/class4_ws/src/build/assignment4/install.log --single-version-externally-managed
