running egg_info
creating /home/ubuntu/EN613/class3_ws/build/assignment3/assignment3.egg-info
writing /home/ubuntu/EN613/class3_ws/build/assignment3/assignment3.egg-info/PKG-INFO
writing dependency_links to /home/ubuntu/EN613/class3_ws/build/assignment3/assignment3.egg-info/dependency_links.txt
writing entry points to /home/ubuntu/EN613/class3_ws/build/assignment3/assignment3.egg-info/entry_points.txt
writing requirements to /home/ubuntu/EN613/class3_ws/build/assignment3/assignment3.egg-info/requires.txt
writing top-level names to /home/ubuntu/EN613/class3_ws/build/assignment3/assignment3.egg-info/top_level.txt
writing manifest file '/home/ubuntu/EN613/class3_ws/build/assignment3/assignment3.egg-info/SOURCES.txt'
reading manifest file '/home/ubuntu/EN613/class3_ws/build/assignment3/assignment3.egg-info/SOURCES.txt'
writing manifest file '/home/ubuntu/EN613/class3_ws/build/assignment3/assignment3.egg-info/SOURCES.txt'
running build
running build_py
creating /home/ubuntu/EN613/class3_ws/build/assignment3/build
creating /home/ubuntu/EN613/class3_ws/build/assignment3/build/lib
creating /home/ubuntu/EN613/class3_ws/build/assignment3/build/lib/assignment3
copying assignment3/__init__.py -> /home/ubuntu/EN613/class3_ws/build/assignment3/build/lib/assignment3
copying assignment3/mechanum_sim.py -> /home/ubuntu/EN613/class3_ws/build/assignment3/build/lib/assignment3
copying assignment3/assignment3.py -> /home/ubuntu/EN613/class3_ws/build/assignment3/build/lib/assignment3
running install
running install_lib
creating /home/ubuntu/EN613/class3_ws/install/assignment3/lib/python3.8/site-packages/assignment3
copying /home/ubuntu/EN613/class3_ws/build/assignment3/build/lib/assignment3/__init__.py -> /home/ubuntu/EN613/class3_ws/install/assignment3/lib/python3.8/site-packages/assignment3
copying /home/ubuntu/EN613/class3_ws/build/assignment3/build/lib/assignment3/mechanum_sim.py -> /home/ubuntu/EN613/class3_ws/install/assignment3/lib/python3.8/site-packages/assignment3
copying /home/ubuntu/EN613/class3_ws/build/assignment3/build/lib/assignment3/assignment3.py -> /home/ubuntu/EN613/class3_ws/install/assignment3/lib/python3.8/site-packages/assignment3
byte-compiling /home/ubuntu/EN613/class3_ws/install/assignment3/lib/python3.8/site-packages/assignment3/__init__.py to __init__.cpython-38.pyc
byte-compiling /home/ubuntu/EN613/class3_ws/install/assignment3/lib/python3.8/site-packages/assignment3/mechanum_sim.py to mechanum_sim.cpython-38.pyc
Sorry: IndentationError: expected an indented block (mechanum_sim.py, line 46)
byte-compiling /home/ubuntu/EN613/class3_ws/install/assignment3/lib/python3.8/site-packages/assignment3/assignment3.py to assignment3.cpython-38.pyc
Sorry: IndentationError: unexpected indent (assignment3.py, line 72)
running install_data
creating /home/ubuntu/EN613/class3_ws/install/assignment3/share/ament_index
creating /home/ubuntu/EN613/class3_ws/install/assignment3/share/ament_index/resource_index
creating /home/ubuntu/EN613/class3_ws/install/assignment3/share/ament_index/resource_index/packages
copying resource/assignment3 -> /home/ubuntu/EN613/class3_ws/install/assignment3/share/ament_index/resource_index/packages
copying package.xml -> /home/ubuntu/EN613/class3_ws/install/assignment3/share/assignment3
running install_egg_info
Copying /home/ubuntu/EN613/class3_ws/build/assignment3/assignment3.egg-info to /home/ubuntu/EN613/class3_ws/install/assignment3/lib/python3.8/site-packages/assignment3-0.0.0-py3.8.egg-info
running install_scripts
Installing mechanum_sim script to /home/ubuntu/EN613/class3_ws/install/assignment3/lib/assignment3
writing list of installed files to '/home/ubuntu/EN613/class3_ws/build/assignment3/install.log'
