[0.397s] DEBUG:colcon:Command line arguments: ['/usr/bin/colcon', 'build', '--packages-select', 'assignment3']
[0.398s] DEBUG:colcon:Parsed command line arguments: Namespace(ament_cmake_args=None, base_paths=['.'], build_base='build', catkin_cmake_args=None, catkin_skip_building_tests=False, cmake_args=None, cmake_clean_cache=False, cmake_clean_first=False, cmake_force_configure=False, cmake_target=None, cmake_target_skip_unavailable=False, continue_on_error=False, event_handlers=None, executor='parallel', ignore_user_meta=False, install_base='install', log_base=None, log_level=None, main=<bound method BuildVerb.main of <colcon_core.verb.build.BuildVerb object at 0x7f8cdafb5a30>>, merge_install=False, metas=['./colcon.meta'], packages_above=None, packages_above_and_dependencies=None, packages_above_depth=None, packages_end=None, packages_ignore=None, packages_ignore_regex=None, packages_select=['assignment3'], packages_select_build_failed=False, packages_select_by_dep=None, packages_select_regex=None, packages_select_test_failures=False, packages_skip=None, packages_skip_build_finished=False, packages_skip_by_dep=None, packages_skip_regex=None, packages_skip_test_passed=False, packages_skip_up_to=None, packages_start=None, packages_up_to=None, packages_up_to_regex=None, parallel_workers=2, paths=None, symlink_install=False, test_result_base=None, verb_extension=<colcon_core.verb.build.BuildVerb object at 0x7f8cdafb5a30>, verb_name='build', verb_parser=<colcon_defaults.argument_parser.defaults.DefaultArgumentsDecorator object at 0x7f8cdafb5fa0>)
[0.465s] Level 1:colcon.colcon_core.package_discovery:discover_packages(colcon_meta) check parameters
[0.466s] Level 1:colcon.colcon_core.package_discovery:discover_packages(recursive) check parameters
[0.467s] Level 1:colcon.colcon_core.package_discovery:discover_packages(ignore) check parameters
[0.467s] Level 1:colcon.colcon_core.package_discovery:discover_packages(path) check parameters
[0.468s] Level 1:colcon.colcon_core.package_discovery:discover_packages(colcon_meta) discover
[0.468s] Level 1:colcon.colcon_core.package_discovery:discover_packages(recursive) discover
[0.469s] INFO:colcon.colcon_core.package_discovery:Crawling recursively for packages in '/home/ubuntu/EN613/class3_ws'
[0.472s] Level 1:colcon.colcon_core.package_identification:_identify(.) by extensions ['ignore', 'ignore_ament_install']
[0.473s] Level 1:colcon.colcon_core.package_identification:_identify(.) by extension 'ignore'
[0.474s] Level 1:colcon.colcon_core.package_identification:_identify(.) by extension 'ignore_ament_install'
[0.476s] Level 1:colcon.colcon_core.package_identification:_identify(.) by extensions ['colcon_pkg']
[0.476s] Level 1:colcon.colcon_core.package_identification:_identify(.) by extension 'colcon_pkg'
[0.478s] Level 1:colcon.colcon_core.package_identification:_identify(.) by extensions ['colcon_meta']
[0.478s] Level 1:colcon.colcon_core.package_identification:_identify(.) by extension 'colcon_meta'
[0.479s] Level 1:colcon.colcon_core.package_identification:_identify(.) by extensions ['ros']
[0.479s] Level 1:colcon.colcon_core.package_identification:_identify(.) by extension 'ros'
[0.504s] Level 1:colcon.colcon_core.package_identification:_identify(.) by extensions ['cmake', 'python']
[0.505s] Level 1:colcon.colcon_core.package_identification:_identify(.) by extension 'cmake'
[0.506s] Level 1:colcon.colcon_core.package_identification:_identify(.) by extension 'python'
[0.507s] Level 1:colcon.colcon_core.package_identification:_identify(.) by extensions ['python_setup_py']
[0.507s] Level 1:colcon.colcon_core.package_identification:_identify(.) by extension 'python_setup_py'
[0.511s] Level 1:colcon.colcon_core.package_identification:_identify(build) by extensions ['ignore', 'ignore_ament_install']
[0.512s] Level 1:colcon.colcon_core.package_identification:_identify(build) by extension 'ignore'
[0.513s] Level 1:colcon.colcon_core.package_identification:_identify(build) ignored
[0.517s] Level 1:colcon.colcon_core.package_identification:_identify(install) by extensions ['ignore', 'ignore_ament_install']
[0.518s] Level 1:colcon.colcon_core.package_identification:_identify(install) by extension 'ignore'
[0.520s] Level 1:colcon.colcon_core.package_identification:_identify(install) ignored
[0.528s] Level 1:colcon.colcon_core.package_identification:_identify(log) by extensions ['ignore', 'ignore_ament_install']
[0.528s] Level 1:colcon.colcon_core.package_identification:_identify(log) by extension 'ignore'
[0.530s] Level 1:colcon.colcon_core.package_identification:_identify(log) ignored
[0.534s] Level 1:colcon.colcon_core.package_identification:_identify(src) by extensions ['ignore', 'ignore_ament_install']
[0.535s] Level 1:colcon.colcon_core.package_identification:_identify(src) by extension 'ignore'
[0.536s] Level 1:colcon.colcon_core.package_identification:_identify(src) by extension 'ignore_ament_install'
[0.537s] Level 1:colcon.colcon_core.package_identification:_identify(src) by extensions ['colcon_pkg']
[0.538s] Level 1:colcon.colcon_core.package_identification:_identify(src) by extension 'colcon_pkg'
[0.539s] Level 1:colcon.colcon_core.package_identification:_identify(src) by extensions ['colcon_meta']
[0.539s] Level 1:colcon.colcon_core.package_identification:_identify(src) by extension 'colcon_meta'
[0.540s] Level 1:colcon.colcon_core.package_identification:_identify(src) by extensions ['ros']
[0.541s] Level 1:colcon.colcon_core.package_identification:_identify(src) by extension 'ros'
[0.547s] Level 1:colcon.colcon_core.package_identification:_identify(src) by extensions ['cmake', 'python']
[0.548s] Level 1:colcon.colcon_core.package_identification:_identify(src) by extension 'cmake'
[0.549s] Level 1:colcon.colcon_core.package_identification:_identify(src) by extension 'python'
[0.550s] Level 1:colcon.colcon_core.package_identification:_identify(src) by extensions ['python_setup_py']
[0.551s] Level 1:colcon.colcon_core.package_identification:_identify(src) by extension 'python_setup_py'
[0.555s] Level 1:colcon.colcon_core.package_identification:_identify(src/assignment3) by extensions ['ignore', 'ignore_ament_install']
[0.556s] Level 1:colcon.colcon_core.package_identification:_identify(src/assignment3) by extension 'ignore'
[0.557s] Level 1:colcon.colcon_core.package_identification:_identify(src/assignment3) by extension 'ignore_ament_install'
[0.559s] Level 1:colcon.colcon_core.package_identification:_identify(src/assignment3) by extensions ['colcon_pkg']
[0.559s] Level 1:colcon.colcon_core.package_identification:_identify(src/assignment3) by extension 'colcon_pkg'
[0.560s] Level 1:colcon.colcon_core.package_identification:_identify(src/assignment3) by extensions ['colcon_meta']
[0.561s] Level 1:colcon.colcon_core.package_identification:_identify(src/assignment3) by extension 'colcon_meta'
[0.562s] Level 1:colcon.colcon_core.package_identification:_identify(src/assignment3) by extensions ['ros']
[0.562s] Level 1:colcon.colcon_core.package_identification:_identify(src/assignment3) by extension 'ros'
[0.581s] DEBUG:colcon.colcon_core.package_identification:Package 'src/assignment3' with type 'ros.ament_python' and name 'assignment3'
[0.582s] Level 1:colcon.colcon_core.package_discovery:discover_packages(recursive) using defaults
[0.582s] Level 1:colcon.colcon_core.package_discovery:discover_packages(ignore) discover
[0.583s] Level 1:colcon.colcon_core.package_discovery:discover_packages(ignore) using defaults
[0.583s] Level 1:colcon.colcon_core.package_discovery:discover_packages(path) discover
[0.584s] Level 1:colcon.colcon_core.package_discovery:discover_packages(path) using defaults
[0.594s] Level 5:colcon.colcon_core.verb:set package 'assignment3' build argument 'cmake_args' from command line to 'None'
[0.595s] Level 5:colcon.colcon_core.verb:set package 'assignment3' build argument 'cmake_target' from command line to 'None'
[0.596s] Level 5:colcon.colcon_core.verb:set package 'assignment3' build argument 'cmake_target_skip_unavailable' from command line to 'False'
[0.596s] Level 5:colcon.colcon_core.verb:set package 'assignment3' build argument 'cmake_clean_cache' from command line to 'False'
[0.597s] Level 5:colcon.colcon_core.verb:set package 'assignment3' build argument 'cmake_clean_first' from command line to 'False'
[0.597s] Level 5:colcon.colcon_core.verb:set package 'assignment3' build argument 'cmake_force_configure' from command line to 'False'
[0.598s] Level 5:colcon.colcon_core.verb:set package 'assignment3' build argument 'ament_cmake_args' from command line to 'None'
[0.598s] Level 5:colcon.colcon_core.verb:set package 'assignment3' build argument 'catkin_cmake_args' from command line to 'None'
[0.599s] Level 5:colcon.colcon_core.verb:set package 'assignment3' build argument 'catkin_skip_building_tests' from command line to 'False'
[0.599s] DEBUG:colcon.colcon_core.verb:Building package 'assignment3' with the following arguments: {'ament_cmake_args': None, 'build_base': '/home/ubuntu/EN613/class3_ws/build/assignment3', 'catkin_cmake_args': None, 'catkin_skip_building_tests': False, 'cmake_args': None, 'cmake_clean_cache': False, 'cmake_clean_first': False, 'cmake_force_configure': False, 'cmake_target': None, 'cmake_target_skip_unavailable': False, 'install_base': '/home/ubuntu/EN613/class3_ws/install/assignment3', 'merge_install': False, 'path': '/home/ubuntu/EN613/class3_ws/src/assignment3', 'symlink_install': False, 'test_result_base': None}
[0.600s] INFO:colcon.colcon_core.executor:Executing jobs using 'parallel' executor
[0.604s] DEBUG:colcon.colcon_parallel_executor.executor.parallel:run_until_complete
[0.605s] INFO:colcon.colcon_ros.task.ament_python.build:Building ROS package in '/home/ubuntu/EN613/class3_ws/src/assignment3' with build type 'ament_python'
[0.607s] Level 1:colcon.colcon_core.shell:create_environment_hook('assignment3', 'ament_prefix_path')
[0.622s] INFO:colcon.colcon_core.plugin_system:Skipping extension 'colcon_core.shell.bat': Not used on non-Windows systems
[0.624s] INFO:colcon.colcon_core.shell:Creating environment hook '/home/ubuntu/EN613/class3_ws/install/assignment3/share/assignment3/hook/ament_prefix_path.ps1'
[0.634s] INFO:colcon.colcon_core.shell:Creating environment descriptor '/home/ubuntu/EN613/class3_ws/install/assignment3/share/assignment3/hook/ament_prefix_path.dsv'
[0.651s] INFO:colcon.colcon_core.shell:Creating environment hook '/home/ubuntu/EN613/class3_ws/install/assignment3/share/assignment3/hook/ament_prefix_path.sh'
[0.663s] INFO:colcon.colcon_core.shell:Skip shell extension 'powershell' for command environment: Not usable outside of PowerShell
[0.663s] DEBUG:colcon.colcon_core.shell:Skip shell extension 'dsv' for command environment
[0.669s] WARNING:colcon.colcon_core.prefix_path.colcon:The path '/home/ubuntu/EN613/install' in the environment variable COLCON_PREFIX_PATH doesn't exist
[0.677s] WARNING:colcon.colcon_ros.prefix_path.ament:The path '/home/ubuntu/EN613/install/assignment2' in the environment variable AMENT_PREFIX_PATH doesn't exist
[0.747s] DEBUG:colcon.colcon_core.shell:Ignoring prefix path '/opt/ros/foxy'
[1.584s] INFO:colcon.colcon_core.task.python.build:Building Python package in '/home/ubuntu/EN613/class3_ws/src/assignment3'
[1.595s] INFO:colcon.colcon_core.shell:Skip shell extension 'powershell' for command environment: Not usable outside of PowerShell
[1.596s] DEBUG:colcon.colcon_core.shell:Skip shell extension 'dsv' for command environment
[1.643s] DEBUG:colcon.colcon_core.shell:Ignoring prefix path '/opt/ros/foxy'
[1.750s] DEBUG:colcon.colcon_core.event_handler.log_command:Invoking command in '/home/ubuntu/EN613/class3_ws/src/assignment3': PYTHONPATH=/home/ubuntu/EN613/class3_ws/install/assignment3/lib/python3.8/site-packages:${PYTHONPATH} /usr/bin/python3 setup.py egg_info --egg-base /home/ubuntu/EN613/class3_ws/build/assignment3 build --build-base /home/ubuntu/EN613/class3_ws/build/assignment3/build install --prefix /home/ubuntu/EN613/class3_ws/install/assignment3 --record /home/ubuntu/EN613/class3_ws/build/assignment3/install.log --single-version-externally-managed
[3.611s] DEBUG:colcon.colcon_core.event_handler.log_command:Invoked command in '/home/ubuntu/EN613/class3_ws/src/assignment3' returned '0': PYTHONPATH=/home/ubuntu/EN613/class3_ws/install/assignment3/lib/python3.8/site-packages:${PYTHONPATH} /usr/bin/python3 setup.py egg_info --egg-base /home/ubuntu/EN613/class3_ws/build/assignment3 build --build-base /home/ubuntu/EN613/class3_ws/build/assignment3/build install --prefix /home/ubuntu/EN613/class3_ws/install/assignment3 --record /home/ubuntu/EN613/class3_ws/build/assignment3/install.log --single-version-externally-managed
[3.620s] Level 1:colcon.colcon_core.environment:checking '/home/ubuntu/EN613/class3_ws/install/assignment3' for CMake module files
[3.657s] Level 1:colcon.colcon_core.environment:checking '/home/ubuntu/EN613/class3_ws/install/assignment3' for CMake config files
[3.716s] Level 1:colcon.colcon_core.environment:checking '/home/ubuntu/EN613/class3_ws/install/assignment3/lib'
[3.722s] Level 1:colcon.colcon_core.environment:checking '/home/ubuntu/EN613/class3_ws/install/assignment3/bin'
[3.723s] Level 1:colcon.colcon_core.environment:checking '/home/ubuntu/EN613/class3_ws/install/assignment3/lib/pkgconfig/assignment3.pc'
[3.724s] Level 1:colcon.colcon_core.environment:checking '/home/ubuntu/EN613/class3_ws/install/assignment3/lib/python3.8/site-packages'
[3.726s] Level 1:colcon.colcon_core.shell:create_environment_hook('assignment3', 'pythonpath')
[3.728s] INFO:colcon.colcon_core.shell:Creating environment hook '/home/ubuntu/EN613/class3_ws/install/assignment3/share/assignment3/hook/pythonpath.ps1'
[3.736s] INFO:colcon.colcon_core.shell:Creating environment descriptor '/home/ubuntu/EN613/class3_ws/install/assignment3/share/assignment3/hook/pythonpath.dsv'
[3.754s] INFO:colcon.colcon_core.shell:Creating environment hook '/home/ubuntu/EN613/class3_ws/install/assignment3/share/assignment3/hook/pythonpath.sh'
[3.768s] Level 1:colcon.colcon_core.environment:create_environment_scripts_only(assignment3)
[3.770s] INFO:colcon.colcon_core.shell:Creating package script '/home/ubuntu/EN613/class3_ws/install/assignment3/share/assignment3/package.ps1'
[3.783s] INFO:colcon.colcon_core.shell:Creating package descriptor '/home/ubuntu/EN613/class3_ws/install/assignment3/share/assignment3/package.dsv'
[3.793s] INFO:colcon.colcon_core.shell:Creating package script '/home/ubuntu/EN613/class3_ws/install/assignment3/share/assignment3/package.sh'
[3.803s] INFO:colcon.colcon_core.shell:Creating package script '/home/ubuntu/EN613/class3_ws/install/assignment3/share/assignment3/package.bash'
[3.811s] INFO:colcon.colcon_core.shell:Creating package script '/home/ubuntu/EN613/class3_ws/install/assignment3/share/assignment3/package.zsh'
[3.820s] Level 1:colcon.colcon_core.environment:create_file_with_runtime_dependencies(/home/ubuntu/EN613/class3_ws/install/assignment3/share/colcon-core/packages/assignment3)
[3.827s] DEBUG:colcon.colcon_parallel_executor.executor.parallel:closing loop
[3.828s] DEBUG:colcon.colcon_parallel_executor.executor.parallel:loop closed
[3.829s] DEBUG:colcon.colcon_parallel_executor.executor.parallel:run_until_complete finished with '0'
[3.830s] DEBUG:colcon.colcon_core.event_reactor:joining thread
[3.864s] INFO:colcon.colcon_core.plugin_system:Skipping extension 'colcon_notification.desktop_notification.notify_send': Could not find 'notify-send'
[3.864s] INFO:colcon.colcon_core.plugin_system:Skipping extension 'colcon_notification.desktop_notification.terminal_notifier': Not used on non-Darwin systems
[3.865s] INFO:colcon.colcon_core.plugin_system:Skipping extension 'colcon_notification.desktop_notification.win32': Not used on non-Windows systems
[3.866s] INFO:colcon.colcon_notification.desktop_notification:Sending desktop notification using 'notify2'
[3.883s] DEBUG:colcon.colcon_notification.desktop_notification.notify2:Failed to initialize notify2: org.freedesktop.DBus.Error.ServiceUnknown: The name org.freedesktop.Notifications was not provided by any .service files
[3.884s] DEBUG:colcon.colcon_core.event_reactor:joined thread
[3.886s] INFO:colcon.colcon_core.shell:Creating prefix script '/home/ubuntu/EN613/class3_ws/install/local_setup.ps1'
[3.912s] INFO:colcon.colcon_core.shell:Creating prefix util module '/home/ubuntu/EN613/class3_ws/install/_local_setup_util_ps1.py'
[3.925s] INFO:colcon.colcon_core.shell:Creating prefix chain script '/home/ubuntu/EN613/class3_ws/install/setup.ps1'
[3.954s] INFO:colcon.colcon_core.shell:Creating prefix script '/home/ubuntu/EN613/class3_ws/install/local_setup.sh'
[3.961s] INFO:colcon.colcon_core.shell:Creating prefix util module '/home/ubuntu/EN613/class3_ws/install/_local_setup_util_sh.py'
[3.998s] INFO:colcon.colcon_core.shell:Creating prefix chain script '/home/ubuntu/EN613/class3_ws/install/setup.sh'
[4.031s] INFO:colcon.colcon_core.shell:Creating prefix script '/home/ubuntu/EN613/class3_ws/install/local_setup.bash'
[4.039s] INFO:colcon.colcon_core.shell:Creating prefix chain script '/home/ubuntu/EN613/class3_ws/install/setup.bash'
[4.089s] INFO:colcon.colcon_core.shell:Creating prefix script '/home/ubuntu/EN613/class3_ws/install/local_setup.zsh'
[4.097s] INFO:colcon.colcon_core.shell:Creating prefix chain script '/home/ubuntu/EN613/class3_ws/install/setup.zsh'
