[0.406s] DEBUG:colcon:Command line arguments: ['/usr/bin/colcon', 'build', '--packages-select', 'assignment2']
[0.407s] DEBUG:colcon:Parsed command line arguments: Namespace(ament_cmake_args=None, base_paths=['.'], build_base='build', catkin_cmake_args=None, catkin_skip_building_tests=False, cmake_args=None, cmake_clean_cache=False, cmake_clean_first=False, cmake_force_configure=False, cmake_target=None, cmake_target_skip_unavailable=False, continue_on_error=False, event_handlers=None, executor='parallel', ignore_user_meta=False, install_base='install', log_base=None, log_level=None, main=<bound method BuildVerb.main of <colcon_core.verb.build.BuildVerb object at 0x7efff403b790>>, merge_install=False, metas=['./colcon.meta'], packages_above=None, packages_above_and_dependencies=None, packages_above_depth=None, packages_end=None, packages_ignore=None, packages_ignore_regex=None, packages_select=['assignment2'], packages_select_build_failed=False, packages_select_by_dep=None, packages_select_regex=None, packages_select_test_failures=False, packages_skip=None, packages_skip_build_finished=False, packages_skip_by_dep=None, packages_skip_regex=None, packages_skip_test_passed=False, packages_skip_up_to=None, packages_start=None, packages_up_to=None, packages_up_to_regex=None, parallel_workers=2, paths=None, symlink_install=False, test_result_base=None, verb_extension=<colcon_core.verb.build.BuildVerb object at 0x7efff403b790>, verb_name='build', verb_parser=<colcon_defaults.argument_parser.defaults.DefaultArgumentsDecorator object at 0x7efff403bd00>)
[0.472s] Level 1:colcon.colcon_core.package_discovery:discover_packages(colcon_meta) check parameters
[0.474s] Level 1:colcon.colcon_core.package_discovery:discover_packages(recursive) check parameters
[0.474s] Level 1:colcon.colcon_core.package_discovery:discover_packages(ignore) check parameters
[0.475s] Level 1:colcon.colcon_core.package_discovery:discover_packages(path) check parameters
[0.476s] Level 1:colcon.colcon_core.package_discovery:discover_packages(colcon_meta) discover
[0.476s] Level 1:colcon.colcon_core.package_discovery:discover_packages(recursive) discover
[0.477s] INFO:colcon.colcon_core.package_discovery:Crawling recursively for packages in '/home/ubuntu/EN613'
[0.480s] Level 1:colcon.colcon_core.package_identification:_identify(.) by extensions ['ignore', 'ignore_ament_install']
[0.481s] Level 1:colcon.colcon_core.package_identification:_identify(.) by extension 'ignore'
[0.482s] Level 1:colcon.colcon_core.package_identification:_identify(.) by extension 'ignore_ament_install'
[0.483s] Level 1:colcon.colcon_core.package_identification:_identify(.) by extensions ['colcon_pkg']
[0.484s] Level 1:colcon.colcon_core.package_identification:_identify(.) by extension 'colcon_pkg'
[0.485s] Level 1:colcon.colcon_core.package_identification:_identify(.) by extensions ['colcon_meta']
[0.486s] Level 1:colcon.colcon_core.package_identification:_identify(.) by extension 'colcon_meta'
[0.486s] Level 1:colcon.colcon_core.package_identification:_identify(.) by extensions ['ros']
[0.487s] Level 1:colcon.colcon_core.package_identification:_identify(.) by extension 'ros'
[0.508s] Level 1:colcon.colcon_core.package_identification:_identify(.) by extensions ['cmake', 'python']
[0.509s] Level 1:colcon.colcon_core.package_identification:_identify(.) by extension 'cmake'
[0.510s] Level 1:colcon.colcon_core.package_identification:_identify(.) by extension 'python'
[0.511s] Level 1:colcon.colcon_core.package_identification:_identify(.) by extensions ['python_setup_py']
[0.512s] Level 1:colcon.colcon_core.package_identification:_identify(.) by extension 'python_setup_py'
[0.516s] Level 1:colcon.colcon_core.package_identification:_identify(__MACOSX) by extensions ['ignore', 'ignore_ament_install']
[0.517s] Level 1:colcon.colcon_core.package_identification:_identify(__MACOSX) by extension 'ignore'
[0.518s] Level 1:colcon.colcon_core.package_identification:_identify(__MACOSX) by extension 'ignore_ament_install'
[0.519s] Level 1:colcon.colcon_core.package_identification:_identify(__MACOSX) by extensions ['colcon_pkg']
[0.520s] Level 1:colcon.colcon_core.package_identification:_identify(__MACOSX) by extension 'colcon_pkg'
[0.521s] Level 1:colcon.colcon_core.package_identification:_identify(__MACOSX) by extensions ['colcon_meta']
[0.522s] Level 1:colcon.colcon_core.package_identification:_identify(__MACOSX) by extension 'colcon_meta'
[0.523s] Level 1:colcon.colcon_core.package_identification:_identify(__MACOSX) by extensions ['ros']
[0.523s] Level 1:colcon.colcon_core.package_identification:_identify(__MACOSX) by extension 'ros'
[0.527s] Level 1:colcon.colcon_core.package_identification:_identify(__MACOSX) by extensions ['cmake', 'python']
[0.527s] Level 1:colcon.colcon_core.package_identification:_identify(__MACOSX) by extension 'cmake'
[0.528s] Level 1:colcon.colcon_core.package_identification:_identify(__MACOSX) by extension 'python'
[0.529s] Level 1:colcon.colcon_core.package_identification:_identify(__MACOSX) by extensions ['python_setup_py']
[0.530s] Level 1:colcon.colcon_core.package_identification:_identify(__MACOSX) by extension 'python_setup_py'
[0.534s] Level 1:colcon.colcon_core.package_identification:_identify(__MACOSX/assignment2) by extensions ['ignore', 'ignore_ament_install']
[0.535s] Level 1:colcon.colcon_core.package_identification:_identify(__MACOSX/assignment2) by extension 'ignore'
[0.537s] Level 1:colcon.colcon_core.package_identification:_identify(__MACOSX/assignment2) by extension 'ignore_ament_install'
[0.539s] Level 1:colcon.colcon_core.package_identification:_identify(__MACOSX/assignment2) by extensions ['colcon_pkg']
[0.539s] Level 1:colcon.colcon_core.package_identification:_identify(__MACOSX/assignment2) by extension 'colcon_pkg'
[0.540s] Level 1:colcon.colcon_core.package_identification:_identify(__MACOSX/assignment2) by extensions ['colcon_meta']
[0.541s] Level 1:colcon.colcon_core.package_identification:_identify(__MACOSX/assignment2) by extension 'colcon_meta'
[0.543s] Level 1:colcon.colcon_core.package_identification:_identify(__MACOSX/assignment2) by extensions ['ros']
[0.544s] Level 1:colcon.colcon_core.package_identification:_identify(__MACOSX/assignment2) by extension 'ros'
[0.547s] Level 1:colcon.colcon_core.package_identification:_identify(__MACOSX/assignment2) by extensions ['cmake', 'python']
[0.547s] Level 1:colcon.colcon_core.package_identification:_identify(__MACOSX/assignment2) by extension 'cmake'
[0.549s] Level 1:colcon.colcon_core.package_identification:_identify(__MACOSX/assignment2) by extension 'python'
[0.550s] Level 1:colcon.colcon_core.package_identification:_identify(__MACOSX/assignment2) by extensions ['python_setup_py']
[0.551s] Level 1:colcon.colcon_core.package_identification:_identify(__MACOSX/assignment2) by extension 'python_setup_py'
[0.556s] Level 1:colcon.colcon_core.package_identification:_identify(__MACOSX/assignment2/assignment2) by extensions ['ignore', 'ignore_ament_install']
[0.557s] Level 1:colcon.colcon_core.package_identification:_identify(__MACOSX/assignment2/assignment2) by extension 'ignore'
[0.558s] Level 1:colcon.colcon_core.package_identification:_identify(__MACOSX/assignment2/assignment2) by extension 'ignore_ament_install'
[0.560s] Level 1:colcon.colcon_core.package_identification:_identify(__MACOSX/assignment2/assignment2) by extensions ['colcon_pkg']
[0.560s] Level 1:colcon.colcon_core.package_identification:_identify(__MACOSX/assignment2/assignment2) by extension 'colcon_pkg'
[0.562s] Level 1:colcon.colcon_core.package_identification:_identify(__MACOSX/assignment2/assignment2) by extensions ['colcon_meta']
[0.562s] Level 1:colcon.colcon_core.package_identification:_identify(__MACOSX/assignment2/assignment2) by extension 'colcon_meta'
[0.565s] Level 1:colcon.colcon_core.package_identification:_identify(__MACOSX/assignment2/assignment2) by extensions ['ros']
[0.566s] Level 1:colcon.colcon_core.package_identification:_identify(__MACOSX/assignment2/assignment2) by extension 'ros'
[0.569s] Level 1:colcon.colcon_core.package_identification:_identify(__MACOSX/assignment2/assignment2) by extensions ['cmake', 'python']
[0.570s] Level 1:colcon.colcon_core.package_identification:_identify(__MACOSX/assignment2/assignment2) by extension 'cmake'
[0.571s] Level 1:colcon.colcon_core.package_identification:_identify(__MACOSX/assignment2/assignment2) by extension 'python'
[0.572s] Level 1:colcon.colcon_core.package_identification:_identify(__MACOSX/assignment2/assignment2) by extensions ['python_setup_py']
[0.573s] Level 1:colcon.colcon_core.package_identification:_identify(__MACOSX/assignment2/assignment2) by extension 'python_setup_py'
[0.579s] Level 1:colcon.colcon_core.package_identification:_identify(__MACOSX/assignment2/launch) by extensions ['ignore', 'ignore_ament_install']
[0.580s] Level 1:colcon.colcon_core.package_identification:_identify(__MACOSX/assignment2/launch) by extension 'ignore'
[0.581s] Level 1:colcon.colcon_core.package_identification:_identify(__MACOSX/assignment2/launch) by extension 'ignore_ament_install'
[0.582s] Level 1:colcon.colcon_core.package_identification:_identify(__MACOSX/assignment2/launch) by extensions ['colcon_pkg']
[0.583s] Level 1:colcon.colcon_core.package_identification:_identify(__MACOSX/assignment2/launch) by extension 'colcon_pkg'
[0.584s] Level 1:colcon.colcon_core.package_identification:_identify(__MACOSX/assignment2/launch) by extensions ['colcon_meta']
[0.584s] Level 1:colcon.colcon_core.package_identification:_identify(__MACOSX/assignment2/launch) by extension 'colcon_meta'
[0.588s] Level 1:colcon.colcon_core.package_identification:_identify(__MACOSX/assignment2/launch) by extensions ['ros']
[0.588s] Level 1:colcon.colcon_core.package_identification:_identify(__MACOSX/assignment2/launch) by extension 'ros'
[0.591s] Level 1:colcon.colcon_core.package_identification:_identify(__MACOSX/assignment2/launch) by extensions ['cmake', 'python']
[0.592s] Level 1:colcon.colcon_core.package_identification:_identify(__MACOSX/assignment2/launch) by extension 'cmake'
[0.593s] Level 1:colcon.colcon_core.package_identification:_identify(__MACOSX/assignment2/launch) by extension 'python'
[0.594s] Level 1:colcon.colcon_core.package_identification:_identify(__MACOSX/assignment2/launch) by extensions ['python_setup_py']
[0.594s] Level 1:colcon.colcon_core.package_identification:_identify(__MACOSX/assignment2/launch) by extension 'python_setup_py'
[0.600s] Level 1:colcon.colcon_core.package_identification:_identify(__MACOSX/assignment2/resource) by extensions ['ignore', 'ignore_ament_install']
[0.600s] Level 1:colcon.colcon_core.package_identification:_identify(__MACOSX/assignment2/resource) by extension 'ignore'
[0.602s] Level 1:colcon.colcon_core.package_identification:_identify(__MACOSX/assignment2/resource) by extension 'ignore_ament_install'
[0.604s] Level 1:colcon.colcon_core.package_identification:_identify(__MACOSX/assignment2/resource) by extensions ['colcon_pkg']
[0.604s] Level 1:colcon.colcon_core.package_identification:_identify(__MACOSX/assignment2/resource) by extension 'colcon_pkg'
[0.607s] Level 1:colcon.colcon_core.package_identification:_identify(__MACOSX/assignment2/resource) by extensions ['colcon_meta']
[0.607s] Level 1:colcon.colcon_core.package_identification:_identify(__MACOSX/assignment2/resource) by extension 'colcon_meta'
[0.610s] Level 1:colcon.colcon_core.package_identification:_identify(__MACOSX/assignment2/resource) by extensions ['ros']
[0.611s] Level 1:colcon.colcon_core.package_identification:_identify(__MACOSX/assignment2/resource) by extension 'ros'
[0.614s] Level 1:colcon.colcon_core.package_identification:_identify(__MACOSX/assignment2/resource) by extensions ['cmake', 'python']
[0.615s] Level 1:colcon.colcon_core.package_identification:_identify(__MACOSX/assignment2/resource) by extension 'cmake'
[0.616s] Level 1:colcon.colcon_core.package_identification:_identify(__MACOSX/assignment2/resource) by extension 'python'
[0.617s] Level 1:colcon.colcon_core.package_identification:_identify(__MACOSX/assignment2/resource) by extensions ['python_setup_py']
[0.618s] Level 1:colcon.colcon_core.package_identification:_identify(__MACOSX/assignment2/resource) by extension 'python_setup_py'
[0.625s] Level 1:colcon.colcon_core.package_identification:_identify(__MACOSX/assignment2/test) by extensions ['ignore', 'ignore_ament_install']
[0.625s] Level 1:colcon.colcon_core.package_identification:_identify(__MACOSX/assignment2/test) by extension 'ignore'
[0.626s] Level 1:colcon.colcon_core.package_identification:_identify(__MACOSX/assignment2/test) by extension 'ignore_ament_install'
[0.628s] Level 1:colcon.colcon_core.package_identification:_identify(__MACOSX/assignment2/test) by extensions ['colcon_pkg']
[0.629s] Level 1:colcon.colcon_core.package_identification:_identify(__MACOSX/assignment2/test) by extension 'colcon_pkg'
[0.629s] Level 1:colcon.colcon_core.package_identification:_identify(__MACOSX/assignment2/test) by extensions ['colcon_meta']
[0.630s] Level 1:colcon.colcon_core.package_identification:_identify(__MACOSX/assignment2/test) by extension 'colcon_meta'
[0.633s] Level 1:colcon.colcon_core.package_identification:_identify(__MACOSX/assignment2/test) by extensions ['ros']
[0.634s] Level 1:colcon.colcon_core.package_identification:_identify(__MACOSX/assignment2/test) by extension 'ros'
[0.638s] Level 1:colcon.colcon_core.package_identification:_identify(__MACOSX/assignment2/test) by extensions ['cmake', 'python']
[0.638s] Level 1:colcon.colcon_core.package_identification:_identify(__MACOSX/assignment2/test) by extension 'cmake'
[0.639s] Level 1:colcon.colcon_core.package_identification:_identify(__MACOSX/assignment2/test) by extension 'python'
[0.640s] Level 1:colcon.colcon_core.package_identification:_identify(__MACOSX/assignment2/test) by extensions ['python_setup_py']
[0.641s] Level 1:colcon.colcon_core.package_identification:_identify(__MACOSX/assignment2/test) by extension 'python_setup_py'
[0.645s] Level 1:colcon.colcon_core.package_identification:_identify(build) by extensions ['ignore', 'ignore_ament_install']
[0.645s] Level 1:colcon.colcon_core.package_identification:_identify(build) by extension 'ignore'
[0.647s] Level 1:colcon.colcon_core.package_identification:_identify(build) ignored
[0.650s] Level 1:colcon.colcon_core.package_identification:_identify(class2_ws) by extensions ['ignore', 'ignore_ament_install']
[0.651s] Level 1:colcon.colcon_core.package_identification:_identify(class2_ws) by extension 'ignore'
[0.652s] Level 1:colcon.colcon_core.package_identification:_identify(class2_ws) by extension 'ignore_ament_install'
[0.653s] Level 1:colcon.colcon_core.package_identification:_identify(class2_ws) by extensions ['colcon_pkg']
[0.654s] Level 1:colcon.colcon_core.package_identification:_identify(class2_ws) by extension 'colcon_pkg'
[0.655s] Level 1:colcon.colcon_core.package_identification:_identify(class2_ws) by extensions ['colcon_meta']
[0.655s] Level 1:colcon.colcon_core.package_identification:_identify(class2_ws) by extension 'colcon_meta'
[0.656s] Level 1:colcon.colcon_core.package_identification:_identify(class2_ws) by extensions ['ros']
[0.657s] Level 1:colcon.colcon_core.package_identification:_identify(class2_ws) by extension 'ros'
[0.661s] Level 1:colcon.colcon_core.package_identification:_identify(class2_ws) by extensions ['cmake', 'python']
[0.661s] Level 1:colcon.colcon_core.package_identification:_identify(class2_ws) by extension 'cmake'
[0.662s] Level 1:colcon.colcon_core.package_identification:_identify(class2_ws) by extension 'python'
[0.664s] Level 1:colcon.colcon_core.package_identification:_identify(class2_ws) by extensions ['python_setup_py']
[0.664s] Level 1:colcon.colcon_core.package_identification:_identify(class2_ws) by extension 'python_setup_py'
[0.668s] Level 1:colcon.colcon_core.package_identification:_identify(class2_ws/src) by extensions ['ignore', 'ignore_ament_install']
[0.668s] Level 1:colcon.colcon_core.package_identification:_identify(class2_ws/src) by extension 'ignore'
[0.669s] Level 1:colcon.colcon_core.package_identification:_identify(class2_ws/src) by extension 'ignore_ament_install'
[0.671s] Level 1:colcon.colcon_core.package_identification:_identify(class2_ws/src) by extensions ['colcon_pkg']
[0.671s] Level 1:colcon.colcon_core.package_identification:_identify(class2_ws/src) by extension 'colcon_pkg'
[0.673s] Level 1:colcon.colcon_core.package_identification:_identify(class2_ws/src) by extensions ['colcon_meta']
[0.673s] Level 1:colcon.colcon_core.package_identification:_identify(class2_ws/src) by extension 'colcon_meta'
[0.675s] Level 1:colcon.colcon_core.package_identification:_identify(class2_ws/src) by extensions ['ros']
[0.675s] Level 1:colcon.colcon_core.package_identification:_identify(class2_ws/src) by extension 'ros'
[0.679s] Level 1:colcon.colcon_core.package_identification:_identify(class2_ws/src) by extensions ['cmake', 'python']
[0.679s] Level 1:colcon.colcon_core.package_identification:_identify(class2_ws/src) by extension 'cmake'
[0.680s] Level 1:colcon.colcon_core.package_identification:_identify(class2_ws/src) by extension 'python'
[0.681s] Level 1:colcon.colcon_core.package_identification:_identify(class2_ws/src) by extensions ['python_setup_py']
[0.681s] Level 1:colcon.colcon_core.package_identification:_identify(class2_ws/src) by extension 'python_setup_py'
[0.687s] Level 1:colcon.colcon_core.package_identification:_identify(class2_ws/src/assignment2) by extensions ['ignore', 'ignore_ament_install']
[0.687s] Level 1:colcon.colcon_core.package_identification:_identify(class2_ws/src/assignment2) by extension 'ignore'
[0.689s] Level 1:colcon.colcon_core.package_identification:_identify(class2_ws/src/assignment2) by extension 'ignore_ament_install'
[0.690s] Level 1:colcon.colcon_core.package_identification:_identify(class2_ws/src/assignment2) by extensions ['colcon_pkg']
[0.691s] Level 1:colcon.colcon_core.package_identification:_identify(class2_ws/src/assignment2) by extension 'colcon_pkg'
[0.692s] Level 1:colcon.colcon_core.package_identification:_identify(class2_ws/src/assignment2) by extensions ['colcon_meta']
[0.692s] Level 1:colcon.colcon_core.package_identification:_identify(class2_ws/src/assignment2) by extension 'colcon_meta'
[0.695s] Level 1:colcon.colcon_core.package_identification:_identify(class2_ws/src/assignment2) by extensions ['ros']
[0.695s] Level 1:colcon.colcon_core.package_identification:_identify(class2_ws/src/assignment2) by extension 'ros'
[0.717s] DEBUG:colcon.colcon_core.package_identification:Package 'class2_ws/src/assignment2' with type 'ros.ament_python' and name 'assignment2'
[0.721s] Level 1:colcon.colcon_core.package_identification:_identify(install) by extensions ['ignore', 'ignore_ament_install']
[0.722s] Level 1:colcon.colcon_core.package_identification:_identify(install) by extension 'ignore'
[0.723s] Level 1:colcon.colcon_core.package_identification:_identify(install) ignored
[0.730s] Level 1:colcon.colcon_core.package_identification:_identify(log) by extensions ['ignore', 'ignore_ament_install']
[0.730s] Level 1:colcon.colcon_core.package_identification:_identify(log) by extension 'ignore'
[0.732s] Level 1:colcon.colcon_core.package_identification:_identify(log) ignored
[0.732s] Level 1:colcon.colcon_core.package_discovery:discover_packages(recursive) using defaults
[0.733s] Level 1:colcon.colcon_core.package_discovery:discover_packages(ignore) discover
[0.733s] Level 1:colcon.colcon_core.package_discovery:discover_packages(ignore) using defaults
[0.734s] Level 1:colcon.colcon_core.package_discovery:discover_packages(path) discover
[0.734s] Level 1:colcon.colcon_core.package_discovery:discover_packages(path) using defaults
[0.759s] Level 5:colcon.colcon_core.verb:set package 'assignment2' build argument 'cmake_args' from command line to 'None'
[0.759s] Level 5:colcon.colcon_core.verb:set package 'assignment2' build argument 'cmake_target' from command line to 'None'
[0.760s] Level 5:colcon.colcon_core.verb:set package 'assignment2' build argument 'cmake_target_skip_unavailable' from command line to 'False'
[0.760s] Level 5:colcon.colcon_core.verb:set package 'assignment2' build argument 'cmake_clean_cache' from command line to 'False'
[0.761s] Level 5:colcon.colcon_core.verb:set package 'assignment2' build argument 'cmake_clean_first' from command line to 'False'
[0.761s] Level 5:colcon.colcon_core.verb:set package 'assignment2' build argument 'cmake_force_configure' from command line to 'False'
[0.762s] Level 5:colcon.colcon_core.verb:set package 'assignment2' build argument 'ament_cmake_args' from command line to 'None'
[0.762s] Level 5:colcon.colcon_core.verb:set package 'assignment2' build argument 'catkin_cmake_args' from command line to 'None'
[0.763s] Level 5:colcon.colcon_core.verb:set package 'assignment2' build argument 'catkin_skip_building_tests' from command line to 'False'
[0.763s] DEBUG:colcon.colcon_core.verb:Building package 'assignment2' with the following arguments: {'ament_cmake_args': None, 'build_base': '/home/ubuntu/EN613/build/assignment2', 'catkin_cmake_args': None, 'catkin_skip_building_tests': False, 'cmake_args': None, 'cmake_clean_cache': False, 'cmake_clean_first': False, 'cmake_force_configure': False, 'cmake_target': None, 'cmake_target_skip_unavailable': False, 'install_base': '/home/ubuntu/EN613/install/assignment2', 'merge_install': False, 'path': '/home/ubuntu/EN613/class2_ws/src/assignment2', 'symlink_install': False, 'test_result_base': None}
[0.764s] INFO:colcon.colcon_core.executor:Executing jobs using 'parallel' executor
[0.768s] DEBUG:colcon.colcon_parallel_executor.executor.parallel:run_until_complete
[0.769s] INFO:colcon.colcon_ros.task.ament_python.build:Building ROS package in '/home/ubuntu/EN613/class2_ws/src/assignment2' with build type 'ament_python'
[0.770s] Level 1:colcon.colcon_core.shell:create_environment_hook('assignment2', 'ament_prefix_path')
[0.788s] INFO:colcon.colcon_core.plugin_system:Skipping extension 'colcon_core.shell.bat': Not used on non-Windows systems
[0.789s] INFO:colcon.colcon_core.shell:Creating environment hook '/home/ubuntu/EN613/install/assignment2/share/assignment2/hook/ament_prefix_path.ps1'
[0.798s] INFO:colcon.colcon_core.shell:Creating environment descriptor '/home/ubuntu/EN613/install/assignment2/share/assignment2/hook/ament_prefix_path.dsv'
[0.803s] INFO:colcon.colcon_core.shell:Creating environment hook '/home/ubuntu/EN613/install/assignment2/share/assignment2/hook/ament_prefix_path.sh'
[0.814s] INFO:colcon.colcon_core.shell:Skip shell extension 'powershell' for command environment: Not usable outside of PowerShell
[0.816s] DEBUG:colcon.colcon_core.shell:Skip shell extension 'dsv' for command environment
[0.847s] DEBUG:colcon.colcon_core.shell:Ignoring prefix path '/opt/ros/foxy'
[1.426s] INFO:colcon.colcon_core.task.python.build:Building Python package in '/home/ubuntu/EN613/class2_ws/src/assignment2'
[1.428s] INFO:colcon.colcon_core.shell:Skip shell extension 'powershell' for command environment: Not usable outside of PowerShell
[1.429s] DEBUG:colcon.colcon_core.shell:Skip shell extension 'dsv' for command environment
[1.434s] DEBUG:colcon.colcon_core.shell:Ignoring prefix path '/opt/ros/foxy'
[1.498s] DEBUG:colcon.colcon_core.event_handler.log_command:Invoking command in '/home/ubuntu/EN613/class2_ws/src/assignment2': PYTHONPATH=/home/ubuntu/EN613/install/assignment2/lib/python3.8/site-packages:${PYTHONPATH} /usr/bin/python3 setup.py egg_info --egg-base /home/ubuntu/EN613/build/assignment2 build --build-base /home/ubuntu/EN613/build/assignment2/build install --prefix /home/ubuntu/EN613/install/assignment2 --record /home/ubuntu/EN613/build/assignment2/install.log --single-version-externally-managed
[2.831s] DEBUG:colcon.colcon_core.event_handler.log_command:Invoked command in '/home/ubuntu/EN613/class2_ws/src/assignment2' returned '0': PYTHONPATH=/home/ubuntu/EN613/install/assignment2/lib/python3.8/site-packages:${PYTHONPATH} /usr/bin/python3 setup.py egg_info --egg-base /home/ubuntu/EN613/build/assignment2 build --build-base /home/ubuntu/EN613/build/assignment2/build install --prefix /home/ubuntu/EN613/install/assignment2 --record /home/ubuntu/EN613/build/assignment2/install.log --single-version-externally-managed
[2.845s] Level 1:colcon.colcon_core.environment:checking '/home/ubuntu/EN613/install/assignment2' for CMake module files
[2.875s] Level 1:colcon.colcon_core.environment:checking '/home/ubuntu/EN613/install/assignment2' for CMake config files
[2.933s] Level 1:colcon.colcon_core.environment:checking '/home/ubuntu/EN613/install/assignment2/lib'
[2.938s] Level 1:colcon.colcon_core.environment:checking '/home/ubuntu/EN613/install/assignment2/bin'
[2.939s] Level 1:colcon.colcon_core.environment:checking '/home/ubuntu/EN613/install/assignment2/lib/pkgconfig/assignment2.pc'
[2.940s] Level 1:colcon.colcon_core.environment:checking '/home/ubuntu/EN613/install/assignment2/lib/python3.8/site-packages'
[2.943s] Level 1:colcon.colcon_core.shell:create_environment_hook('assignment2', 'pythonpath')
[2.944s] INFO:colcon.colcon_core.shell:Creating environment hook '/home/ubuntu/EN613/install/assignment2/share/assignment2/hook/pythonpath.ps1'
[2.954s] INFO:colcon.colcon_core.shell:Creating environment descriptor '/home/ubuntu/EN613/install/assignment2/share/assignment2/hook/pythonpath.dsv'
[2.977s] INFO:colcon.colcon_core.shell:Creating environment hook '/home/ubuntu/EN613/install/assignment2/share/assignment2/hook/pythonpath.sh'
[2.985s] Level 1:colcon.colcon_core.environment:create_environment_scripts_only(assignment2)
[2.987s] INFO:colcon.colcon_core.shell:Creating package script '/home/ubuntu/EN613/install/assignment2/share/assignment2/package.ps1'
[2.994s] INFO:colcon.colcon_core.shell:Creating package descriptor '/home/ubuntu/EN613/install/assignment2/share/assignment2/package.dsv'
[3.004s] INFO:colcon.colcon_core.shell:Creating package script '/home/ubuntu/EN613/install/assignment2/share/assignment2/package.sh'
[3.010s] INFO:colcon.colcon_core.shell:Creating package script '/home/ubuntu/EN613/install/assignment2/share/assignment2/package.bash'
[3.020s] INFO:colcon.colcon_core.shell:Creating package script '/home/ubuntu/EN613/install/assignment2/share/assignment2/package.zsh'
[3.031s] Level 1:colcon.colcon_core.environment:create_file_with_runtime_dependencies(/home/ubuntu/EN613/install/assignment2/share/colcon-core/packages/assignment2)
[3.038s] DEBUG:colcon.colcon_parallel_executor.executor.parallel:closing loop
[3.040s] DEBUG:colcon.colcon_parallel_executor.executor.parallel:loop closed
[3.044s] DEBUG:colcon.colcon_parallel_executor.executor.parallel:run_until_complete finished with '0'
[3.045s] DEBUG:colcon.colcon_core.event_reactor:joining thread
[3.060s] INFO:colcon.colcon_core.plugin_system:Skipping extension 'colcon_notification.desktop_notification.notify_send': Could not find 'notify-send'
[3.061s] INFO:colcon.colcon_core.plugin_system:Skipping extension 'colcon_notification.desktop_notification.terminal_notifier': Not used on non-Darwin systems
[3.061s] INFO:colcon.colcon_core.plugin_system:Skipping extension 'colcon_notification.desktop_notification.win32': Not used on non-Windows systems
[3.062s] INFO:colcon.colcon_notification.desktop_notification:Sending desktop notification using 'notify2'
[3.095s] DEBUG:colcon.colcon_notification.desktop_notification.notify2:Failed to initialize notify2: org.freedesktop.DBus.Error.ServiceUnknown: The name org.freedesktop.Notifications was not provided by any .service files
[3.096s] DEBUG:colcon.colcon_core.event_reactor:joined thread
[3.098s] INFO:colcon.colcon_core.shell:Creating prefix script '/home/ubuntu/EN613/install/local_setup.ps1'
[3.105s] INFO:colcon.colcon_core.shell:Creating prefix util module '/home/ubuntu/EN613/install/_local_setup_util_ps1.py'
[3.118s] INFO:colcon.colcon_core.shell:Creating prefix chain script '/home/ubuntu/EN613/install/setup.ps1'
[3.142s] INFO:colcon.colcon_core.shell:Creating prefix script '/home/ubuntu/EN613/install/local_setup.sh'
[3.150s] INFO:colcon.colcon_core.shell:Creating prefix util module '/home/ubuntu/EN613/install/_local_setup_util_sh.py'
[3.156s] INFO:colcon.colcon_core.shell:Creating prefix chain script '/home/ubuntu/EN613/install/setup.sh'
[3.171s] INFO:colcon.colcon_core.shell:Creating prefix script '/home/ubuntu/EN613/install/local_setup.bash'
[3.177s] INFO:colcon.colcon_core.shell:Creating prefix chain script '/home/ubuntu/EN613/install/setup.bash'
[3.196s] INFO:colcon.colcon_core.shell:Creating prefix script '/home/ubuntu/EN613/install/local_setup.zsh'
[3.204s] INFO:colcon.colcon_core.shell:Creating prefix chain script '/home/ubuntu/EN613/install/setup.zsh'
