/home/ubuntu/EN613/install/assignment2/lib/python3.8/site-packages/assignment2/__init__.py
/home/ubuntu/EN613/install/assignment2/lib/python3.8/site-packages/assignment2/dummy_object_detector.py
/home/ubuntu/EN613/install/assignment2/lib/python3.8/site-packages/assignment2/assignment2.py
/home/ubuntu/EN613/install/assignment2/lib/python3.8/site-packages/assignment2/coordinates.py
/home/ubuntu/EN613/install/assignment2/lib/python3.8/site-packages/assignment2/__pycache__/__init__.cpython-38.pyc
/home/ubuntu/EN613/install/assignment2/lib/python3.8/site-packages/assignment2/__pycache__/dummy_object_detector.cpython-38.pyc
/home/ubuntu/EN613/install/assignment2/lib/python3.8/site-packages/assignment2/__pycache__/assignment2.cpython-38.pyc
/home/ubuntu/EN613/install/assignment2/lib/python3.8/site-packages/assignment2/__pycache__/coordinates.cpython-38.pyc
/home/ubuntu/EN613/install/assignment2/share/ament_index/resource_index/packages/assignment2
/home/ubuntu/EN613/install/assignment2/share/assignment2/package.xml
/home/ubuntu/EN613/install/assignment2/share/assignment2/assignment2.launch.py
/home/ubuntu/EN613/install/assignment2/share/assignment2/test.launch.py
/home/ubuntu/EN613/install/assignment2/share/assignment2/launch/single_rrbot.urdf
/home/ubuntu/EN613/install/assignment2/lib/python3.8/site-packages/assignment2-0.0.0-py3.8.egg-info/PKG-INFO
/home/ubuntu/EN613/install/assignment2/lib/python3.8/site-packages/assignment2-0.0.0-py3.8.egg-info/zip-safe
/home/ubuntu/EN613/install/assignment2/lib/python3.8/site-packages/assignment2-0.0.0-py3.8.egg-info/SOURCES.txt
/home/ubuntu/EN613/install/assignment2/lib/python3.8/site-packages/assignment2-0.0.0-py3.8.egg-info/entry_points.txt
/home/ubuntu/EN613/install/assignment2/lib/python3.8/site-packages/assignment2-0.0.0-py3.8.egg-info/requires.txt
/home/ubuntu/EN613/install/assignment2/lib/python3.8/site-packages/assignment2-0.0.0-py3.8.egg-info/top_level.txt
/home/ubuntu/EN613/install/assignment2/lib/python3.8/site-packages/assignment2-0.0.0-py3.8.egg-info/dependency_links.txt
/home/ubuntu/EN613/install/assignment2/lib/assignment2/coordinates
/home/ubuntu/EN613/install/assignment2/lib/assignment2/dummy_object_detector
