[0.725s] Invoking command in '/home/ubuntu/EN613/class2_ws/src/assignment2': PYTHONPATH=/home/ubuntu/EN613/install/assignment2/lib/python3.8/site-packages:${PYTHONPATH} /usr/bin/python3 setup.py egg_info --egg-base /home/ubuntu/EN613/build/assignment2 build --build-base /home/ubuntu/EN613/build/assignment2/build install --prefix /home/ubuntu/EN613/install/assignment2 --record /home/ubuntu/EN613/build/assignment2/install.log --single-version-externally-managed
[1.398s] running egg_info
[1.405s] creating /home/ubuntu/EN613/build/assignment2/assignment2.egg-info
[1.409s] writing /home/ubuntu/EN613/build/assignment2/assignment2.egg-info/PKG-INFO
[1.414s] writing dependency_links to /home/ubuntu/EN613/build/assignment2/assignment2.egg-info/dependency_links.txt
[1.418s] writing entry points to /home/ubuntu/EN613/build/assignment2/assignment2.egg-info/entry_points.txt
[1.421s] writing requirements to /home/ubuntu/EN613/build/assignment2/assignment2.egg-info/requires.txt
[1.424s] writing top-level names to /home/ubuntu/EN613/build/assignment2/assignment2.egg-info/top_level.txt
[1.440s] writing manifest file '/home/ubuntu/EN613/build/assignment2/assignment2.egg-info/SOURCES.txt'
[1.544s] reading manifest file '/home/ubuntu/EN613/build/assignment2/assignment2.egg-info/SOURCES.txt'
[1.575s] writing manifest file '/home/ubuntu/EN613/build/assignment2/assignment2.egg-info/SOURCES.txt'
[1.579s] running build
[1.581s] running build_py
[1.584s] creating /home/ubuntu/EN613/build/assignment2/build
[1.586s] creating /home/ubuntu/EN613/build/assignment2/build/lib
[1.589s] creating /home/ubuntu/EN613/build/assignment2/build/lib/assignment2
[1.606s] copying assignment2/__init__.py -> /home/ubuntu/EN613/build/assignment2/build/lib/assignment2
[1.611s] copying assignment2/dummy_object_detector.py -> /home/ubuntu/EN613/build/assignment2/build/lib/assignment2
[1.614s] copying assignment2/assignment2.py -> /home/ubuntu/EN613/build/assignment2/build/lib/assignment2
[1.624s] copying assignment2/coordinates.py -> /home/ubuntu/EN613/build/assignment2/build/lib/assignment2
[1.633s] running install
[1.639s] running install_lib
[1.651s] creating /home/ubuntu/EN613/install/assignment2/lib/python3.8/site-packages/assignment2
[1.655s] copying /home/ubuntu/EN613/build/assignment2/build/lib/assignment2/__init__.py -> /home/ubuntu/EN613/install/assignment2/lib/python3.8/site-packages/assignment2
[1.665s] copying /home/ubuntu/EN613/build/assignment2/build/lib/assignment2/dummy_object_detector.py -> /home/ubuntu/EN613/install/assignment2/lib/python3.8/site-packages/assignment2
[1.678s] copying /home/ubuntu/EN613/build/assignment2/build/lib/assignment2/assignment2.py -> /home/ubuntu/EN613/install/assignment2/lib/python3.8/site-packages/assignment2
[1.689s] copying /home/ubuntu/EN613/build/assignment2/build/lib/assignment2/coordinates.py -> /home/ubuntu/EN613/install/assignment2/lib/python3.8/site-packages/assignment2
[1.712s] byte-compiling /home/ubuntu/EN613/install/assignment2/lib/python3.8/site-packages/assignment2/__init__.py to __init__.cpython-38.pyc
[1.723s] byte-compiling /home/ubuntu/EN613/install/assignment2/lib/python3.8/site-packages/assignment2/dummy_object_detector.py to dummy_object_detector.cpython-38.pyc
[1.735s] byte-compiling /home/ubuntu/EN613/install/assignment2/lib/python3.8/site-packages/assignment2/assignment2.py to assignment2.cpython-38.pyc
[1.746s] byte-compiling /home/ubuntu/EN613/install/assignment2/lib/python3.8/site-packages/assignment2/coordinates.py to coordinates.cpython-38.pyc
[1.755s] running install_data
[1.758s] creating /home/ubuntu/EN613/install/assignment2/share/ament_index
[1.761s] creating /home/ubuntu/EN613/install/assignment2/share/ament_index/resource_index
[1.765s] creating /home/ubuntu/EN613/install/assignment2/share/ament_index/resource_index/packages
[1.768s] copying resource/assignment2 -> /home/ubuntu/EN613/install/assignment2/share/ament_index/resource_index/packages
[1.773s] copying package.xml -> /home/ubuntu/EN613/install/assignment2/share/assignment2
[1.787s] copying launch/assignment2.launch.py -> /home/ubuntu/EN613/install/assignment2/share/assignment2
[1.794s] copying launch/test.launch.py -> /home/ubuntu/EN613/install/assignment2/share/assignment2
[1.802s] creating /home/ubuntu/EN613/install/assignment2/share/assignment2/launch
[1.806s] copying launch/single_rrbot.urdf -> /home/ubuntu/EN613/install/assignment2/share/assignment2/launch
[1.819s] running install_egg_info
[1.834s] Copying /home/ubuntu/EN613/build/assignment2/assignment2.egg-info to /home/ubuntu/EN613/install/assignment2/lib/python3.8/site-packages/assignment2-0.0.0-py3.8.egg-info
[1.929s] running install_scripts
[1.981s] Installing coordinates script to /home/ubuntu/EN613/install/assignment2/lib/assignment2
[1.988s] Installing dummy_object_detector script to /home/ubuntu/EN613/install/assignment2/lib/assignment2
[2.005s] writing list of installed files to '/home/ubuntu/EN613/build/assignment2/install.log'
[2.057s] Invoked command in '/home/ubuntu/EN613/class2_ws/src/assignment2' returned '0': PYTHONPATH=/home/ubuntu/EN613/install/assignment2/lib/python3.8/site-packages:${PYTHONPATH} /usr/bin/python3 setup.py egg_info --egg-base /home/ubuntu/EN613/build/assignment2 build --build-base /home/ubuntu/EN613/build/assignment2/build install --prefix /home/ubuntu/EN613/install/assignment2 --record /home/ubuntu/EN613/build/assignment2/install.log --single-version-externally-managed
