[0.359s] DEBUG:colcon:Command line arguments: ['/usr/bin/colcon', 'build', '--packages-select', 'assignment4']
[0.360s] DEBUG:colcon:Parsed command line arguments: Namespace(ament_cmake_args=None, base_paths=['.'], build_base='build', catkin_cmake_args=None, catkin_skip_building_tests=False, cmake_args=None, cmake_clean_cache=False, cmake_clean_first=False, cmake_force_configure=False, cmake_target=None, cmake_target_skip_unavailable=False, continue_on_error=False, event_handlers=None, executor='parallel', ignore_user_meta=False, install_base='install', log_base=None, log_level=None, main=<bound method BuildVerb.main of <colcon_core.verb.build.BuildVerb object at 0x7f548127ca00>>, merge_install=False, metas=['./colcon.meta'], packages_above=None, packages_above_and_dependencies=None, packages_above_depth=None, packages_end=None, packages_ignore=None, packages_ignore_regex=None, packages_select=['assignment4'], packages_select_build_failed=False, packages_select_by_dep=None, packages_select_regex=None, packages_select_test_failures=False, packages_skip=None, packages_skip_build_finished=False, packages_skip_by_dep=None, packages_skip_regex=None, packages_skip_test_passed=False, packages_skip_up_to=None, packages_start=None, packages_up_to=None, packages_up_to_regex=None, parallel_workers=2, paths=None, symlink_install=False, test_result_base=None, verb_extension=<colcon_core.verb.build.BuildVerb object at 0x7f548127ca00>, verb_name='build', verb_parser=<colcon_defaults.argument_parser.defaults.DefaultArgumentsDecorator object at 0x7f548127cf70>)
[0.427s] Level 1:colcon.colcon_core.package_discovery:discover_packages(colcon_meta) check parameters
[0.428s] Level 1:colcon.colcon_core.package_discovery:discover_packages(recursive) check parameters
[0.428s] Level 1:colcon.colcon_core.package_discovery:discover_packages(ignore) check parameters
[0.429s] Level 1:colcon.colcon_core.package_discovery:discover_packages(path) check parameters
[0.429s] Level 1:colcon.colcon_core.package_discovery:discover_packages(colcon_meta) discover
[0.430s] Level 1:colcon.colcon_core.package_discovery:discover_packages(recursive) discover
[0.430s] INFO:colcon.colcon_core.package_discovery:Crawling recursively for packages in '/home/ubuntu/EN613/class4_ws'
[0.433s] Level 1:colcon.colcon_core.package_identification:_identify(.) by extensions ['ignore', 'ignore_ament_install']
[0.434s] Level 1:colcon.colcon_core.package_identification:_identify(.) by extension 'ignore'
[0.435s] Level 1:colcon.colcon_core.package_identification:_identify(.) by extension 'ignore_ament_install'
[0.436s] Level 1:colcon.colcon_core.package_identification:_identify(.) by extensions ['colcon_pkg']
[0.437s] Level 1:colcon.colcon_core.package_identification:_identify(.) by extension 'colcon_pkg'
[0.438s] Level 1:colcon.colcon_core.package_identification:_identify(.) by extensions ['colcon_meta']
[0.438s] Level 1:colcon.colcon_core.package_identification:_identify(.) by extension 'colcon_meta'
[0.438s] Level 1:colcon.colcon_core.package_identification:_identify(.) by extensions ['ros']
[0.439s] Level 1:colcon.colcon_core.package_identification:_identify(.) by extension 'ros'
[0.463s] Level 1:colcon.colcon_core.package_identification:_identify(.) by extensions ['cmake', 'python']
[0.464s] Level 1:colcon.colcon_core.package_identification:_identify(.) by extension 'cmake'
[0.465s] Level 1:colcon.colcon_core.package_identification:_identify(.) by extension 'python'
[0.466s] Level 1:colcon.colcon_core.package_identification:_identify(.) by extensions ['python_setup_py']
[0.466s] Level 1:colcon.colcon_core.package_identification:_identify(.) by extension 'python_setup_py'
[0.470s] Level 1:colcon.colcon_core.package_identification:_identify(build) by extensions ['ignore', 'ignore_ament_install']
[0.471s] Level 1:colcon.colcon_core.package_identification:_identify(build) by extension 'ignore'
[0.472s] Level 1:colcon.colcon_core.package_identification:_identify(build) ignored
[0.475s] Level 1:colcon.colcon_core.package_identification:_identify(install) by extensions ['ignore', 'ignore_ament_install']
[0.476s] Level 1:colcon.colcon_core.package_identification:_identify(install) by extension 'ignore'
[0.477s] Level 1:colcon.colcon_core.package_identification:_identify(install) ignored
[0.484s] Level 1:colcon.colcon_core.package_identification:_identify(log) by extensions ['ignore', 'ignore_ament_install']
[0.484s] Level 1:colcon.colcon_core.package_identification:_identify(log) by extension 'ignore'
[0.486s] Level 1:colcon.colcon_core.package_identification:_identify(log) ignored
[0.489s] Level 1:colcon.colcon_core.package_identification:_identify(src) by extensions ['ignore', 'ignore_ament_install']
[0.489s] Level 1:colcon.colcon_core.package_identification:_identify(src) by extension 'ignore'
[0.490s] Level 1:colcon.colcon_core.package_identification:_identify(src) by extension 'ignore_ament_install'
[0.491s] Level 1:colcon.colcon_core.package_identification:_identify(src) by extensions ['colcon_pkg']
[0.492s] Level 1:colcon.colcon_core.package_identification:_identify(src) by extension 'colcon_pkg'
[0.493s] Level 1:colcon.colcon_core.package_identification:_identify(src) by extensions ['colcon_meta']
[0.493s] Level 1:colcon.colcon_core.package_identification:_identify(src) by extension 'colcon_meta'
[0.494s] Level 1:colcon.colcon_core.package_identification:_identify(src) by extensions ['ros']
[0.495s] Level 1:colcon.colcon_core.package_identification:_identify(src) by extension 'ros'
[0.497s] Level 1:colcon.colcon_core.package_identification:_identify(src) by extensions ['cmake', 'python']
[0.498s] Level 1:colcon.colcon_core.package_identification:_identify(src) by extension 'cmake'
[0.500s] Level 1:colcon.colcon_core.package_identification:_identify(src) by extension 'python'
[0.501s] Level 1:colcon.colcon_core.package_identification:_identify(src) by extensions ['python_setup_py']
[0.501s] Level 1:colcon.colcon_core.package_identification:_identify(src) by extension 'python_setup_py'
[0.506s] Level 1:colcon.colcon_core.package_identification:_identify(src/__MACOSX) by extensions ['ignore', 'ignore_ament_install']
[0.506s] Level 1:colcon.colcon_core.package_identification:_identify(src/__MACOSX) by extension 'ignore'
[0.507s] Level 1:colcon.colcon_core.package_identification:_identify(src/__MACOSX) by extension 'ignore_ament_install'
[0.509s] Level 1:colcon.colcon_core.package_identification:_identify(src/__MACOSX) by extensions ['colcon_pkg']
[0.509s] Level 1:colcon.colcon_core.package_identification:_identify(src/__MACOSX) by extension 'colcon_pkg'
[0.511s] Level 1:colcon.colcon_core.package_identification:_identify(src/__MACOSX) by extensions ['colcon_meta']
[0.511s] Level 1:colcon.colcon_core.package_identification:_identify(src/__MACOSX) by extension 'colcon_meta'
[0.513s] Level 1:colcon.colcon_core.package_identification:_identify(src/__MACOSX) by extensions ['ros']
[0.513s] Level 1:colcon.colcon_core.package_identification:_identify(src/__MACOSX) by extension 'ros'
[0.517s] Level 1:colcon.colcon_core.package_identification:_identify(src/__MACOSX) by extensions ['cmake', 'python']
[0.518s] Level 1:colcon.colcon_core.package_identification:_identify(src/__MACOSX) by extension 'cmake'
[0.519s] Level 1:colcon.colcon_core.package_identification:_identify(src/__MACOSX) by extension 'python'
[0.520s] Level 1:colcon.colcon_core.package_identification:_identify(src/__MACOSX) by extensions ['python_setup_py']
[0.520s] Level 1:colcon.colcon_core.package_identification:_identify(src/__MACOSX) by extension 'python_setup_py'
[0.526s] Level 1:colcon.colcon_core.package_identification:_identify(src/__MACOSX/assigment4) by extensions ['ignore', 'ignore_ament_install']
[0.526s] Level 1:colcon.colcon_core.package_identification:_identify(src/__MACOSX/assigment4) by extension 'ignore'
[0.528s] Level 1:colcon.colcon_core.package_identification:_identify(src/__MACOSX/assigment4) by extension 'ignore_ament_install'
[0.529s] Level 1:colcon.colcon_core.package_identification:_identify(src/__MACOSX/assigment4) by extensions ['colcon_pkg']
[0.530s] Level 1:colcon.colcon_core.package_identification:_identify(src/__MACOSX/assigment4) by extension 'colcon_pkg'
[0.531s] Level 1:colcon.colcon_core.package_identification:_identify(src/__MACOSX/assigment4) by extensions ['colcon_meta']
[0.531s] Level 1:colcon.colcon_core.package_identification:_identify(src/__MACOSX/assigment4) by extension 'colcon_meta'
[0.534s] Level 1:colcon.colcon_core.package_identification:_identify(src/__MACOSX/assigment4) by extensions ['ros']
[0.534s] Level 1:colcon.colcon_core.package_identification:_identify(src/__MACOSX/assigment4) by extension 'ros'
[0.537s] Level 1:colcon.colcon_core.package_identification:_identify(src/__MACOSX/assigment4) by extensions ['cmake', 'python']
[0.537s] Level 1:colcon.colcon_core.package_identification:_identify(src/__MACOSX/assigment4) by extension 'cmake'
[0.539s] Level 1:colcon.colcon_core.package_identification:_identify(src/__MACOSX/assigment4) by extension 'python'
[0.540s] Level 1:colcon.colcon_core.package_identification:_identify(src/__MACOSX/assigment4) by extensions ['python_setup_py']
[0.540s] Level 1:colcon.colcon_core.package_identification:_identify(src/__MACOSX/assigment4) by extension 'python_setup_py'
[0.546s] Level 1:colcon.colcon_core.package_identification:_identify(src/__MACOSX/assigment4/assignment4) by extensions ['ignore', 'ignore_ament_install']
[0.547s] Level 1:colcon.colcon_core.package_identification:_identify(src/__MACOSX/assigment4/assignment4) by extension 'ignore'
[0.548s] Level 1:colcon.colcon_core.package_identification:_identify(src/__MACOSX/assigment4/assignment4) by extension 'ignore_ament_install'
[0.550s] Level 1:colcon.colcon_core.package_identification:_identify(src/__MACOSX/assigment4/assignment4) by extensions ['colcon_pkg']
[0.550s] Level 1:colcon.colcon_core.package_identification:_identify(src/__MACOSX/assigment4/assignment4) by extension 'colcon_pkg'
[0.551s] Level 1:colcon.colcon_core.package_identification:_identify(src/__MACOSX/assigment4/assignment4) by extensions ['colcon_meta']
[0.552s] Level 1:colcon.colcon_core.package_identification:_identify(src/__MACOSX/assigment4/assignment4) by extension 'colcon_meta'
[0.555s] Level 1:colcon.colcon_core.package_identification:_identify(src/__MACOSX/assigment4/assignment4) by extensions ['ros']
[0.556s] Level 1:colcon.colcon_core.package_identification:_identify(src/__MACOSX/assigment4/assignment4) by extension 'ros'
[0.559s] Level 1:colcon.colcon_core.package_identification:_identify(src/__MACOSX/assigment4/assignment4) by extensions ['cmake', 'python']
[0.560s] Level 1:colcon.colcon_core.package_identification:_identify(src/__MACOSX/assigment4/assignment4) by extension 'cmake'
[0.561s] Level 1:colcon.colcon_core.package_identification:_identify(src/__MACOSX/assigment4/assignment4) by extension 'python'
[0.562s] Level 1:colcon.colcon_core.package_identification:_identify(src/__MACOSX/assigment4/assignment4) by extensions ['python_setup_py']
[0.562s] Level 1:colcon.colcon_core.package_identification:_identify(src/__MACOSX/assigment4/assignment4) by extension 'python_setup_py'
[0.568s] Level 1:colcon.colcon_core.package_identification:_identify(src/__MACOSX/assigment4/launch) by extensions ['ignore', 'ignore_ament_install']
[0.568s] Level 1:colcon.colcon_core.package_identification:_identify(src/__MACOSX/assigment4/launch) by extension 'ignore'
[0.570s] Level 1:colcon.colcon_core.package_identification:_identify(src/__MACOSX/assigment4/launch) by extension 'ignore_ament_install'
[0.572s] Level 1:colcon.colcon_core.package_identification:_identify(src/__MACOSX/assigment4/launch) by extensions ['colcon_pkg']
[0.573s] Level 1:colcon.colcon_core.package_identification:_identify(src/__MACOSX/assigment4/launch) by extension 'colcon_pkg'
[0.574s] Level 1:colcon.colcon_core.package_identification:_identify(src/__MACOSX/assigment4/launch) by extensions ['colcon_meta']
[0.574s] Level 1:colcon.colcon_core.package_identification:_identify(src/__MACOSX/assigment4/launch) by extension 'colcon_meta'
[0.578s] Level 1:colcon.colcon_core.package_identification:_identify(src/__MACOSX/assigment4/launch) by extensions ['ros']
[0.578s] Level 1:colcon.colcon_core.package_identification:_identify(src/__MACOSX/assigment4/launch) by extension 'ros'
[0.581s] Level 1:colcon.colcon_core.package_identification:_identify(src/__MACOSX/assigment4/launch) by extensions ['cmake', 'python']
[0.581s] Level 1:colcon.colcon_core.package_identification:_identify(src/__MACOSX/assigment4/launch) by extension 'cmake'
[0.583s] Level 1:colcon.colcon_core.package_identification:_identify(src/__MACOSX/assigment4/launch) by extension 'python'
[0.584s] Level 1:colcon.colcon_core.package_identification:_identify(src/__MACOSX/assigment4/launch) by extensions ['python_setup_py']
[0.584s] Level 1:colcon.colcon_core.package_identification:_identify(src/__MACOSX/assigment4/launch) by extension 'python_setup_py'
[0.589s] Level 1:colcon.colcon_core.package_identification:_identify(src/__MACOSX/assigment4/resource) by extensions ['ignore', 'ignore_ament_install']
[0.590s] Level 1:colcon.colcon_core.package_identification:_identify(src/__MACOSX/assigment4/resource) by extension 'ignore'
[0.591s] Level 1:colcon.colcon_core.package_identification:_identify(src/__MACOSX/assigment4/resource) by extension 'ignore_ament_install'
[0.592s] Level 1:colcon.colcon_core.package_identification:_identify(src/__MACOSX/assigment4/resource) by extensions ['colcon_pkg']
[0.593s] Level 1:colcon.colcon_core.package_identification:_identify(src/__MACOSX/assigment4/resource) by extension 'colcon_pkg'
[0.595s] Level 1:colcon.colcon_core.package_identification:_identify(src/__MACOSX/assigment4/resource) by extensions ['colcon_meta']
[0.595s] Level 1:colcon.colcon_core.package_identification:_identify(src/__MACOSX/assigment4/resource) by extension 'colcon_meta'
[0.599s] Level 1:colcon.colcon_core.package_identification:_identify(src/__MACOSX/assigment4/resource) by extensions ['ros']
[0.599s] Level 1:colcon.colcon_core.package_identification:_identify(src/__MACOSX/assigment4/resource) by extension 'ros'
[0.602s] Level 1:colcon.colcon_core.package_identification:_identify(src/__MACOSX/assigment4/resource) by extensions ['cmake', 'python']
[0.602s] Level 1:colcon.colcon_core.package_identification:_identify(src/__MACOSX/assigment4/resource) by extension 'cmake'
[0.603s] Level 1:colcon.colcon_core.package_identification:_identify(src/__MACOSX/assigment4/resource) by extension 'python'
[0.604s] Level 1:colcon.colcon_core.package_identification:_identify(src/__MACOSX/assigment4/resource) by extensions ['python_setup_py']
[0.604s] Level 1:colcon.colcon_core.package_identification:_identify(src/__MACOSX/assigment4/resource) by extension 'python_setup_py'
[0.611s] Level 1:colcon.colcon_core.package_identification:_identify(src/__MACOSX/assigment4/test) by extensions ['ignore', 'ignore_ament_install']
[0.611s] Level 1:colcon.colcon_core.package_identification:_identify(src/__MACOSX/assigment4/test) by extension 'ignore'
[0.613s] Level 1:colcon.colcon_core.package_identification:_identify(src/__MACOSX/assigment4/test) by extension 'ignore_ament_install'
[0.614s] Level 1:colcon.colcon_core.package_identification:_identify(src/__MACOSX/assigment4/test) by extensions ['colcon_pkg']
[0.614s] Level 1:colcon.colcon_core.package_identification:_identify(src/__MACOSX/assigment4/test) by extension 'colcon_pkg'
[0.615s] Level 1:colcon.colcon_core.package_identification:_identify(src/__MACOSX/assigment4/test) by extensions ['colcon_meta']
[0.616s] Level 1:colcon.colcon_core.package_identification:_identify(src/__MACOSX/assigment4/test) by extension 'colcon_meta'
[0.620s] Level 1:colcon.colcon_core.package_identification:_identify(src/__MACOSX/assigment4/test) by extensions ['ros']
[0.620s] Level 1:colcon.colcon_core.package_identification:_identify(src/__MACOSX/assigment4/test) by extension 'ros'
[0.624s] Level 1:colcon.colcon_core.package_identification:_identify(src/__MACOSX/assigment4/test) by extensions ['cmake', 'python']
[0.624s] Level 1:colcon.colcon_core.package_identification:_identify(src/__MACOSX/assigment4/test) by extension 'cmake'
[0.625s] Level 1:colcon.colcon_core.package_identification:_identify(src/__MACOSX/assigment4/test) by extension 'python'
[0.626s] Level 1:colcon.colcon_core.package_identification:_identify(src/__MACOSX/assigment4/test) by extensions ['python_setup_py']
[0.627s] Level 1:colcon.colcon_core.package_identification:_identify(src/__MACOSX/assigment4/test) by extension 'python_setup_py'
[0.632s] Level 1:colcon.colcon_core.package_identification:_identify(src/assigment4) by extensions ['ignore', 'ignore_ament_install']
[0.632s] Level 1:colcon.colcon_core.package_identification:_identify(src/assigment4) by extension 'ignore'
[0.633s] Level 1:colcon.colcon_core.package_identification:_identify(src/assigment4) by extension 'ignore_ament_install'
[0.635s] Level 1:colcon.colcon_core.package_identification:_identify(src/assigment4) by extensions ['colcon_pkg']
[0.636s] Level 1:colcon.colcon_core.package_identification:_identify(src/assigment4) by extension 'colcon_pkg'
[0.637s] Level 1:colcon.colcon_core.package_identification:_identify(src/assigment4) by extensions ['colcon_meta']
[0.637s] Level 1:colcon.colcon_core.package_identification:_identify(src/assigment4) by extension 'colcon_meta'
[0.639s] Level 1:colcon.colcon_core.package_identification:_identify(src/assigment4) by extensions ['ros']
[0.639s] Level 1:colcon.colcon_core.package_identification:_identify(src/assigment4) by extension 'ros'
[0.658s] DEBUG:colcon.colcon_core.package_identification:Package 'src/assigment4' with type 'ros.ament_python' and name 'assignment4'
[0.659s] Level 1:colcon.colcon_core.package_discovery:discover_packages(recursive) using defaults
[0.659s] Level 1:colcon.colcon_core.package_discovery:discover_packages(ignore) discover
[0.660s] Level 1:colcon.colcon_core.package_discovery:discover_packages(ignore) using defaults
[0.660s] Level 1:colcon.colcon_core.package_discovery:discover_packages(path) discover
[0.661s] Level 1:colcon.colcon_core.package_discovery:discover_packages(path) using defaults
[0.671s] Level 5:colcon.colcon_core.verb:set package 'assignment4' build argument 'cmake_args' from command line to 'None'
[0.674s] Level 5:colcon.colcon_core.verb:set package 'assignment4' build argument 'cmake_target' from command line to 'None'
[0.675s] Level 5:colcon.colcon_core.verb:set package 'assignment4' build argument 'cmake_target_skip_unavailable' from command line to 'False'
[0.677s] Level 5:colcon.colcon_core.verb:set package 'assignment4' build argument 'cmake_clean_cache' from command line to 'False'
[0.678s] Level 5:colcon.colcon_core.verb:set package 'assignment4' build argument 'cmake_clean_first' from command line to 'False'
[0.678s] Level 5:colcon.colcon_core.verb:set package 'assignment4' build argument 'cmake_force_configure' from command line to 'False'
[0.679s] Level 5:colcon.colcon_core.verb:set package 'assignment4' build argument 'ament_cmake_args' from command line to 'None'
[0.679s] Level 5:colcon.colcon_core.verb:set package 'assignment4' build argument 'catkin_cmake_args' from command line to 'None'
[0.680s] Level 5:colcon.colcon_core.verb:set package 'assignment4' build argument 'catkin_skip_building_tests' from command line to 'False'
[0.681s] DEBUG:colcon.colcon_core.verb:Building package 'assignment4' with the following arguments: {'ament_cmake_args': None, 'build_base': '/home/ubuntu/EN613/class4_ws/build/assignment4', 'catkin_cmake_args': None, 'catkin_skip_building_tests': False, 'cmake_args': None, 'cmake_clean_cache': False, 'cmake_clean_first': False, 'cmake_force_configure': False, 'cmake_target': None, 'cmake_target_skip_unavailable': False, 'install_base': '/home/ubuntu/EN613/class4_ws/install/assignment4', 'merge_install': False, 'path': '/home/ubuntu/EN613/class4_ws/src/assigment4', 'symlink_install': False, 'test_result_base': None}
[0.682s] INFO:colcon.colcon_core.executor:Executing jobs using 'parallel' executor
[0.688s] DEBUG:colcon.colcon_parallel_executor.executor.parallel:run_until_complete
[0.690s] INFO:colcon.colcon_ros.task.ament_python.build:Building ROS package in '/home/ubuntu/EN613/class4_ws/src/assigment4' with build type 'ament_python'
[0.691s] Level 1:colcon.colcon_core.shell:create_environment_hook('assignment4', 'ament_prefix_path')
[0.707s] INFO:colcon.colcon_core.plugin_system:Skipping extension 'colcon_core.shell.bat': Not used on non-Windows systems
[0.713s] INFO:colcon.colcon_core.shell:Creating environment hook '/home/ubuntu/EN613/class4_ws/install/assignment4/share/assignment4/hook/ament_prefix_path.ps1'
[0.727s] INFO:colcon.colcon_core.shell:Creating environment descriptor '/home/ubuntu/EN613/class4_ws/install/assignment4/share/assignment4/hook/ament_prefix_path.dsv'
[0.735s] INFO:colcon.colcon_core.shell:Creating environment hook '/home/ubuntu/EN613/class4_ws/install/assignment4/share/assignment4/hook/ament_prefix_path.sh'
[0.742s] INFO:colcon.colcon_core.shell:Skip shell extension 'powershell' for command environment: Not usable outside of PowerShell
[0.743s] DEBUG:colcon.colcon_core.shell:Skip shell extension 'dsv' for command environment
[0.748s] WARNING:colcon.colcon_core.prefix_path.colcon:The path '/home/ubuntu/EN613/install' in the environment variable COLCON_PREFIX_PATH doesn't exist
[0.758s] WARNING:colcon.colcon_ros.prefix_path.ament:The path '/home/ubuntu/EN613/install/assignment2' in the environment variable AMENT_PREFIX_PATH doesn't exist
[0.807s] DEBUG:colcon.colcon_core.shell:Ignoring prefix path '/opt/ros/foxy'
[1.650s] INFO:colcon.colcon_core.task.python.build:Building Python package in '/home/ubuntu/EN613/class4_ws/src/assigment4'
[1.655s] INFO:colcon.colcon_core.shell:Skip shell extension 'powershell' for command environment: Not usable outside of PowerShell
[1.655s] DEBUG:colcon.colcon_core.shell:Skip shell extension 'dsv' for command environment
[1.703s] DEBUG:colcon.colcon_core.shell:Ignoring prefix path '/opt/ros/foxy'
[1.785s] DEBUG:colcon.colcon_core.event_handler.log_command:Invoking command in '/home/ubuntu/EN613/class4_ws/src/assigment4': PYTHONPATH=/home/ubuntu/EN613/class4_ws/install/assignment4/lib/python3.8/site-packages:${PYTHONPATH} /usr/bin/python3 setup.py egg_info --egg-base /home/ubuntu/EN613/class4_ws/build/assignment4 build --build-base /home/ubuntu/EN613/class4_ws/build/assignment4/build install --prefix /home/ubuntu/EN613/class4_ws/install/assignment4 --record /home/ubuntu/EN613/class4_ws/build/assignment4/install.log --single-version-externally-managed
[3.846s] DEBUG:colcon.colcon_core.event_handler.log_command:Invoked command in '/home/ubuntu/EN613/class4_ws/src/assigment4' returned '0': PYTHONPATH=/home/ubuntu/EN613/class4_ws/install/assignment4/lib/python3.8/site-packages:${PYTHONPATH} /usr/bin/python3 setup.py egg_info --egg-base /home/ubuntu/EN613/class4_ws/build/assignment4 build --build-base /home/ubuntu/EN613/class4_ws/build/assignment4/build install --prefix /home/ubuntu/EN613/class4_ws/install/assignment4 --record /home/ubuntu/EN613/class4_ws/build/assignment4/install.log --single-version-externally-managed
[3.852s] Level 1:colcon.colcon_core.environment:checking '/home/ubuntu/EN613/class4_ws/install/assignment4' for CMake module files
[3.879s] Level 1:colcon.colcon_core.environment:checking '/home/ubuntu/EN613/class4_ws/install/assignment4' for CMake config files
[3.957s] Level 1:colcon.colcon_core.environment:checking '/home/ubuntu/EN613/class4_ws/install/assignment4/lib'
[3.963s] Level 1:colcon.colcon_core.environment:checking '/home/ubuntu/EN613/class4_ws/install/assignment4/bin'
[3.964s] Level 1:colcon.colcon_core.environment:checking '/home/ubuntu/EN613/class4_ws/install/assignment4/lib/pkgconfig/assignment4.pc'
[3.966s] Level 1:colcon.colcon_core.environment:checking '/home/ubuntu/EN613/class4_ws/install/assignment4/lib/python3.8/site-packages'
[3.968s] Level 1:colcon.colcon_core.shell:create_environment_hook('assignment4', 'pythonpath')
[3.969s] INFO:colcon.colcon_core.shell:Creating environment hook '/home/ubuntu/EN613/class4_ws/install/assignment4/share/assignment4/hook/pythonpath.ps1'
[3.980s] INFO:colcon.colcon_core.shell:Creating environment descriptor '/home/ubuntu/EN613/class4_ws/install/assignment4/share/assignment4/hook/pythonpath.dsv'
[3.993s] INFO:colcon.colcon_core.shell:Creating environment hook '/home/ubuntu/EN613/class4_ws/install/assignment4/share/assignment4/hook/pythonpath.sh'
[4.011s] Level 1:colcon.colcon_core.environment:create_environment_scripts_only(assignment4)
[4.014s] INFO:colcon.colcon_core.shell:Creating package script '/home/ubuntu/EN613/class4_ws/install/assignment4/share/assignment4/package.ps1'
[4.027s] INFO:colcon.colcon_core.shell:Creating package descriptor '/home/ubuntu/EN613/class4_ws/install/assignment4/share/assignment4/package.dsv'
[4.036s] INFO:colcon.colcon_core.shell:Creating package script '/home/ubuntu/EN613/class4_ws/install/assignment4/share/assignment4/package.sh'
[4.046s] INFO:colcon.colcon_core.shell:Creating package script '/home/ubuntu/EN613/class4_ws/install/assignment4/share/assignment4/package.bash'
[4.055s] INFO:colcon.colcon_core.shell:Creating package script '/home/ubuntu/EN613/class4_ws/install/assignment4/share/assignment4/package.zsh'
[4.064s] Level 1:colcon.colcon_core.environment:create_file_with_runtime_dependencies(/home/ubuntu/EN613/class4_ws/install/assignment4/share/colcon-core/packages/assignment4)
[4.074s] DEBUG:colcon.colcon_parallel_executor.executor.parallel:closing loop
[4.076s] DEBUG:colcon.colcon_parallel_executor.executor.parallel:loop closed
[4.077s] DEBUG:colcon.colcon_parallel_executor.executor.parallel:run_until_complete finished with '0'
[4.078s] DEBUG:colcon.colcon_core.event_reactor:joining thread
[4.118s] INFO:colcon.colcon_core.plugin_system:Skipping extension 'colcon_notification.desktop_notification.notify_send': Could not find 'notify-send'
[4.119s] INFO:colcon.colcon_core.plugin_system:Skipping extension 'colcon_notification.desktop_notification.terminal_notifier': Not used on non-Darwin systems
[4.119s] INFO:colcon.colcon_core.plugin_system:Skipping extension 'colcon_notification.desktop_notification.win32': Not used on non-Windows systems
[4.120s] INFO:colcon.colcon_notification.desktop_notification:Sending desktop notification using 'notify2'
[4.133s] DEBUG:colcon.colcon_notification.desktop_notification.notify2:Failed to initialize notify2: org.freedesktop.DBus.Error.ServiceUnknown: The name org.freedesktop.Notifications was not provided by any .service files
[4.134s] DEBUG:colcon.colcon_core.event_reactor:joined thread
[4.136s] INFO:colcon.colcon_core.shell:Creating prefix script '/home/ubuntu/EN613/class4_ws/install/local_setup.ps1'
[4.164s] INFO:colcon.colcon_core.shell:Creating prefix util module '/home/ubuntu/EN613/class4_ws/install/_local_setup_util_ps1.py'
[4.175s] INFO:colcon.colcon_core.shell:Creating prefix chain script '/home/ubuntu/EN613/class4_ws/install/setup.ps1'
[4.209s] INFO:colcon.colcon_core.shell:Creating prefix script '/home/ubuntu/EN613/class4_ws/install/local_setup.sh'
[4.215s] INFO:colcon.colcon_core.shell:Creating prefix util module '/home/ubuntu/EN613/class4_ws/install/_local_setup_util_sh.py'
[4.231s] INFO:colcon.colcon_core.shell:Creating prefix chain script '/home/ubuntu/EN613/class4_ws/install/setup.sh'
[4.261s] INFO:colcon.colcon_core.shell:Creating prefix script '/home/ubuntu/EN613/class4_ws/install/local_setup.bash'
[4.270s] INFO:colcon.colcon_core.shell:Creating prefix chain script '/home/ubuntu/EN613/class4_ws/install/setup.bash'
[4.293s] INFO:colcon.colcon_core.shell:Creating prefix script '/home/ubuntu/EN613/class4_ws/install/local_setup.zsh'
[4.299s] INFO:colcon.colcon_core.shell:Creating prefix chain script '/home/ubuntu/EN613/class4_ws/install/setup.zsh'
