[1.103s] Invoking command in '/home/ubuntu/EN613/class3_ws/src/assignment3': PYTHONPATH=/home/ubuntu/EN613/class3_ws/install/assignment3/lib/python3.8/site-packages:${PYTHONPATH} /usr/bin/python3 setup.py egg_info --egg-base /home/ubuntu/EN613/class3_ws/build/assignment3 build --build-base /home/ubuntu/EN613/class3_ws/build/assignment3/build install --prefix /home/ubuntu/EN613/class3_ws/install/assignment3 --record /home/ubuntu/EN613/class3_ws/build/assignment3/install.log --single-version-externally-managed
[1.833s] running egg_info
[1.843s] writing /home/ubuntu/EN613/class3_ws/build/assignment3/assignment3.egg-info/PKG-INFO
[1.866s] writing dependency_links to /home/ubuntu/EN613/class3_ws/build/assignment3/assignment3.egg-info/dependency_links.txt
[1.878s] writing entry points to /home/ubuntu/EN613/class3_ws/build/assignment3/assignment3.egg-info/entry_points.txt
[1.883s] writing requirements to /home/ubuntu/EN613/class3_ws/build/assignment3/assignment3.egg-info/requires.txt
[1.889s] writing top-level names to /home/ubuntu/EN613/class3_ws/build/assignment3/assignment3.egg-info/top_level.txt
[2.007s] reading manifest file '/home/ubuntu/EN613/class3_ws/build/assignment3/assignment3.egg-info/SOURCES.txt'
[2.084s] writing manifest file '/home/ubuntu/EN613/class3_ws/build/assignment3/assignment3.egg-info/SOURCES.txt'
[2.100s] running build
[2.103s] running build_py
[2.111s] copying assignment3/mecanum_sim.py -> /home/ubuntu/EN613/class3_ws/build/assignment3/build/lib/assignment3
[2.158s] running install
[2.164s] running install_lib
[2.190s] copying /home/ubuntu/EN613/class3_ws/build/assignment3/build/lib/assignment3/mecanum_sim.py -> /home/ubuntu/EN613/class3_ws/install/assignment3/lib/python3.8/site-packages/assignment3
[2.271s] byte-compiling /home/ubuntu/EN613/class3_ws/install/assignment3/lib/python3.8/site-packages/assignment3/mecanum_sim.py to mecanum_sim.cpython-38.pyc
[2.282s]   File "/home/ubuntu/EN613/class3_ws/install/assignment3/lib/python3.8/site-packages/assignment3/mecanum_sim.py", line 64
[2.284s]     msg_fr = Twist()
[2.287s]     ^
[2.289s] SyntaxError: invalid syntax
[2.291s] 
[2.303s] running install_data
[2.322s] running install_egg_info
[2.338s] removing '/home/ubuntu/EN613/class3_ws/install/assignment3/lib/python3.8/site-packages/assignment3-0.0.0-py3.8.egg-info' (and everything under it)
[2.368s] Copying /home/ubuntu/EN613/class3_ws/build/assignment3/assignment3.egg-info to /home/ubuntu/EN613/class3_ws/install/assignment3/lib/python3.8/site-packages/assignment3-0.0.0-py3.8.egg-info
[2.582s] running install_scripts
[2.649s] Installing mecanum_sim script to /home/ubuntu/EN613/class3_ws/install/assignment3/lib/assignment3
[2.662s] writing list of installed files to '/home/ubuntu/EN613/class3_ws/build/assignment3/install.log'
[2.709s] Invoked command in '/home/ubuntu/EN613/class3_ws/src/assignment3' returned '0': PYTHONPATH=/home/ubuntu/EN613/class3_ws/install/assignment3/lib/python3.8/site-packages:${PYTHONPATH} /usr/bin/python3 setup.py egg_info --egg-base /home/ubuntu/EN613/class3_ws/build/assignment3 build --build-base /home/ubuntu/EN613/class3_ws/build/assignment3/build install --prefix /home/ubuntu/EN613/class3_ws/install/assignment3 --record /home/ubuntu/EN613/class3_ws/build/assignment3/install.log --single-version-externally-managed
