[0.379s] DEBUG:colcon:Command line arguments: ['/usr/bin/colcon', 'build', '--packages-select', 'assignment3']
[0.380s] DEBUG:colcon:Parsed command line arguments: Namespace(ament_cmake_args=None, base_paths=['.'], build_base='build', catkin_cmake_args=None, catkin_skip_building_tests=False, cmake_args=None, cmake_clean_cache=False, cmake_clean_first=False, cmake_force_configure=False, cmake_target=None, cmake_target_skip_unavailable=False, continue_on_error=False, event_handlers=None, executor='parallel', ignore_user_meta=False, install_base='install', log_base=None, log_level=None, main=<bound method BuildVerb.main of <colcon_core.verb.build.BuildVerb object at 0x7fbbebfff9a0>>, merge_install=False, metas=['./colcon.meta'], packages_above=None, packages_above_and_dependencies=None, packages_above_depth=None, packages_end=None, packages_ignore=None, packages_ignore_regex=None, packages_select=['assignment3'], packages_select_build_failed=False, packages_select_by_dep=None, packages_select_regex=None, packages_select_test_failures=False, packages_skip=None, packages_skip_build_finished=False, packages_skip_by_dep=None, packages_skip_regex=None, packages_skip_test_passed=False, packages_skip_up_to=None, packages_start=None, packages_up_to=None, packages_up_to_regex=None, parallel_workers=2, paths=None, symlink_install=False, test_result_base=None, verb_extension=<colcon_core.verb.build.BuildVerb object at 0x7fbbebfff9a0>, verb_name='build', verb_parser=<colcon_defaults.argument_parser.defaults.DefaultArgumentsDecorator object at 0x7fbbebffff10>)
[0.453s] Level 1:colcon.colcon_core.package_discovery:discover_packages(colcon_meta) check parameters
[0.454s] Level 1:colcon.colcon_core.package_discovery:discover_packages(recursive) check parameters
[0.455s] Level 1:colcon.colcon_core.package_discovery:discover_packages(ignore) check parameters
[0.455s] Level 1:colcon.colcon_core.package_discovery:discover_packages(path) check parameters
[0.456s] Level 1:colcon.colcon_core.package_discovery:discover_packages(colcon_meta) discover
[0.457s] Level 1:colcon.colcon_core.package_discovery:discover_packages(recursive) discover
[0.457s] INFO:colcon.colcon_core.package_discovery:Crawling recursively for packages in '/home/ubuntu/EN613/class3_ws'
[0.461s] Level 1:colcon.colcon_core.package_identification:_identify(.) by extensions ['ignore', 'ignore_ament_install']
[0.461s] Level 1:colcon.colcon_core.package_identification:_identify(.) by extension 'ignore'
[0.463s] Level 1:colcon.colcon_core.package_identification:_identify(.) by extension 'ignore_ament_install'
[0.464s] Level 1:colcon.colcon_core.package_identification:_identify(.) by extensions ['colcon_pkg']
[0.465s] Level 1:colcon.colcon_core.package_identification:_identify(.) by extension 'colcon_pkg'
[0.466s] Level 1:colcon.colcon_core.package_identification:_identify(.) by extensions ['colcon_meta']
[0.467s] Level 1:colcon.colcon_core.package_identification:_identify(.) by extension 'colcon_meta'
[0.467s] Level 1:colcon.colcon_core.package_identification:_identify(.) by extensions ['ros']
[0.468s] Level 1:colcon.colcon_core.package_identification:_identify(.) by extension 'ros'
[0.494s] Level 1:colcon.colcon_core.package_identification:_identify(.) by extensions ['cmake', 'python']
[0.495s] Level 1:colcon.colcon_core.package_identification:_identify(.) by extension 'cmake'
[0.496s] Level 1:colcon.colcon_core.package_identification:_identify(.) by extension 'python'
[0.497s] Level 1:colcon.colcon_core.package_identification:_identify(.) by extensions ['python_setup_py']
[0.497s] Level 1:colcon.colcon_core.package_identification:_identify(.) by extension 'python_setup_py'
[0.502s] Level 1:colcon.colcon_core.package_identification:_identify(build) by extensions ['ignore', 'ignore_ament_install']
[0.502s] Level 1:colcon.colcon_core.package_identification:_identify(build) by extension 'ignore'
[0.504s] Level 1:colcon.colcon_core.package_identification:_identify(build) ignored
[0.508s] Level 1:colcon.colcon_core.package_identification:_identify(install) by extensions ['ignore', 'ignore_ament_install']
[0.509s] Level 1:colcon.colcon_core.package_identification:_identify(install) by extension 'ignore'
[0.510s] Level 1:colcon.colcon_core.package_identification:_identify(install) ignored
[0.520s] Level 1:colcon.colcon_core.package_identification:_identify(log) by extensions ['ignore', 'ignore_ament_install']
[0.521s] Level 1:colcon.colcon_core.package_identification:_identify(log) by extension 'ignore'
[0.523s] Level 1:colcon.colcon_core.package_identification:_identify(log) ignored
[0.527s] Level 1:colcon.colcon_core.package_identification:_identify(src) by extensions ['ignore', 'ignore_ament_install']
[0.528s] Level 1:colcon.colcon_core.package_identification:_identify(src) by extension 'ignore'
[0.529s] Level 1:colcon.colcon_core.package_identification:_identify(src) by extension 'ignore_ament_install'
[0.530s] Level 1:colcon.colcon_core.package_identification:_identify(src) by extensions ['colcon_pkg']
[0.531s] Level 1:colcon.colcon_core.package_identification:_identify(src) by extension 'colcon_pkg'
[0.532s] Level 1:colcon.colcon_core.package_identification:_identify(src) by extensions ['colcon_meta']
[0.533s] Level 1:colcon.colcon_core.package_identification:_identify(src) by extension 'colcon_meta'
[0.535s] Level 1:colcon.colcon_core.package_identification:_identify(src) by extensions ['ros']
[0.535s] Level 1:colcon.colcon_core.package_identification:_identify(src) by extension 'ros'
[0.539s] Level 1:colcon.colcon_core.package_identification:_identify(src) by extensions ['cmake', 'python']
[0.539s] Level 1:colcon.colcon_core.package_identification:_identify(src) by extension 'cmake'
[0.540s] Level 1:colcon.colcon_core.package_identification:_identify(src) by extension 'python'
[0.542s] Level 1:colcon.colcon_core.package_identification:_identify(src) by extensions ['python_setup_py']
[0.542s] Level 1:colcon.colcon_core.package_identification:_identify(src) by extension 'python_setup_py'
[0.547s] Level 1:colcon.colcon_core.package_identification:_identify(src/assignment3) by extensions ['ignore', 'ignore_ament_install']
[0.548s] Level 1:colcon.colcon_core.package_identification:_identify(src/assignment3) by extension 'ignore'
[0.549s] Level 1:colcon.colcon_core.package_identification:_identify(src/assignment3) by extension 'ignore_ament_install'
[0.551s] Level 1:colcon.colcon_core.package_identification:_identify(src/assignment3) by extensions ['colcon_pkg']
[0.552s] Level 1:colcon.colcon_core.package_identification:_identify(src/assignment3) by extension 'colcon_pkg'
[0.553s] Level 1:colcon.colcon_core.package_identification:_identify(src/assignment3) by extensions ['colcon_meta']
[0.553s] Level 1:colcon.colcon_core.package_identification:_identify(src/assignment3) by extension 'colcon_meta'
[0.556s] Level 1:colcon.colcon_core.package_identification:_identify(src/assignment3) by extensions ['ros']
[0.557s] Level 1:colcon.colcon_core.package_identification:_identify(src/assignment3) by extension 'ros'
[0.581s] DEBUG:colcon.colcon_core.package_identification:Package 'src/assignment3' with type 'ros.ament_python' and name 'assignment3'
[0.582s] Level 1:colcon.colcon_core.package_discovery:discover_packages(recursive) using defaults
[0.582s] Level 1:colcon.colcon_core.package_discovery:discover_packages(ignore) discover
[0.583s] Level 1:colcon.colcon_core.package_discovery:discover_packages(ignore) using defaults
[0.583s] Level 1:colcon.colcon_core.package_discovery:discover_packages(path) discover
[0.584s] Level 1:colcon.colcon_core.package_discovery:discover_packages(path) using defaults
[0.595s] Level 5:colcon.colcon_core.verb:set package 'assignment3' build argument 'cmake_args' from command line to 'None'
[0.596s] Level 5:colcon.colcon_core.verb:set package 'assignment3' build argument 'cmake_target' from command line to 'None'
[0.597s] Level 5:colcon.colcon_core.verb:set package 'assignment3' build argument 'cmake_target_skip_unavailable' from command line to 'False'
[0.598s] Level 5:colcon.colcon_core.verb:set package 'assignment3' build argument 'cmake_clean_cache' from command line to 'False'
[0.598s] Level 5:colcon.colcon_core.verb:set package 'assignment3' build argument 'cmake_clean_first' from command line to 'False'
[0.599s] Level 5:colcon.colcon_core.verb:set package 'assignment3' build argument 'cmake_force_configure' from command line to 'False'
[0.600s] Level 5:colcon.colcon_core.verb:set package 'assignment3' build argument 'ament_cmake_args' from command line to 'None'
[0.600s] Level 5:colcon.colcon_core.verb:set package 'assignment3' build argument 'catkin_cmake_args' from command line to 'None'
[0.601s] Level 5:colcon.colcon_core.verb:set package 'assignment3' build argument 'catkin_skip_building_tests' from command line to 'False'
[0.602s] DEBUG:colcon.colcon_core.verb:Building package 'assignment3' with the following arguments: {'ament_cmake_args': None, 'build_base': '/home/ubuntu/EN613/class3_ws/build/assignment3', 'catkin_cmake_args': None, 'catkin_skip_building_tests': False, 'cmake_args': None, 'cmake_clean_cache': False, 'cmake_clean_first': False, 'cmake_force_configure': False, 'cmake_target': None, 'cmake_target_skip_unavailable': False, 'install_base': '/home/ubuntu/EN613/class3_ws/install/assignment3', 'merge_install': False, 'path': '/home/ubuntu/EN613/class3_ws/src/assignment3', 'symlink_install': False, 'test_result_base': None}
[0.603s] INFO:colcon.colcon_core.executor:Executing jobs using 'parallel' executor
[0.607s] DEBUG:colcon.colcon_parallel_executor.executor.parallel:run_until_complete
[0.608s] INFO:colcon.colcon_ros.task.ament_python.build:Building ROS package in '/home/ubuntu/EN613/class3_ws/src/assignment3' with build type 'ament_python'
[0.609s] Level 1:colcon.colcon_core.shell:create_environment_hook('assignment3', 'ament_prefix_path')
[0.621s] INFO:colcon.colcon_core.plugin_system:Skipping extension 'colcon_core.shell.bat': Not used on non-Windows systems
[0.622s] INFO:colcon.colcon_core.shell:Creating environment hook '/home/ubuntu/EN613/class3_ws/install/assignment3/share/assignment3/hook/ament_prefix_path.ps1'
[0.635s] INFO:colcon.colcon_core.shell:Creating environment descriptor '/home/ubuntu/EN613/class3_ws/install/assignment3/share/assignment3/hook/ament_prefix_path.dsv'
[0.657s] INFO:colcon.colcon_core.shell:Creating environment hook '/home/ubuntu/EN613/class3_ws/install/assignment3/share/assignment3/hook/ament_prefix_path.sh'
[0.670s] INFO:colcon.colcon_core.shell:Skip shell extension 'powershell' for command environment: Not usable outside of PowerShell
[0.671s] DEBUG:colcon.colcon_core.shell:Skip shell extension 'dsv' for command environment
[0.681s] WARNING:colcon.colcon_core.prefix_path.colcon:The path '/home/ubuntu/EN613/install' in the environment variable COLCON_PREFIX_PATH doesn't exist
[0.690s] WARNING:colcon.colcon_ros.prefix_path.ament:The path '/home/ubuntu/EN613/install/assignment2' in the environment variable AMENT_PREFIX_PATH doesn't exist
[0.721s] DEBUG:colcon.colcon_core.shell:Ignoring prefix path '/opt/ros/foxy'
[1.628s] INFO:colcon.colcon_core.task.python.build:Building Python package in '/home/ubuntu/EN613/class3_ws/src/assignment3'
[1.630s] INFO:colcon.colcon_core.shell:Skip shell extension 'powershell' for command environment: Not usable outside of PowerShell
[1.630s] DEBUG:colcon.colcon_core.shell:Skip shell extension 'dsv' for command environment
[1.676s] DEBUG:colcon.colcon_core.shell:Ignoring prefix path '/opt/ros/foxy'
[1.764s] DEBUG:colcon.colcon_core.event_handler.log_command:Invoking command in '/home/ubuntu/EN613/class3_ws/src/assignment3': PYTHONPATH=/home/ubuntu/EN613/class3_ws/install/assignment3/lib/python3.8/site-packages:${PYTHONPATH} /usr/bin/python3 setup.py egg_info --egg-base /home/ubuntu/EN613/class3_ws/build/assignment3 build --build-base /home/ubuntu/EN613/class3_ws/build/assignment3/build install --prefix /home/ubuntu/EN613/class3_ws/install/assignment3 --record /home/ubuntu/EN613/class3_ws/build/assignment3/install.log --single-version-externally-managed
[3.506s] DEBUG:colcon.colcon_core.event_handler.log_command:Invoked command in '/home/ubuntu/EN613/class3_ws/src/assignment3' returned '0': PYTHONPATH=/home/ubuntu/EN613/class3_ws/install/assignment3/lib/python3.8/site-packages:${PYTHONPATH} /usr/bin/python3 setup.py egg_info --egg-base /home/ubuntu/EN613/class3_ws/build/assignment3 build --build-base /home/ubuntu/EN613/class3_ws/build/assignment3/build install --prefix /home/ubuntu/EN613/class3_ws/install/assignment3 --record /home/ubuntu/EN613/class3_ws/build/assignment3/install.log --single-version-externally-managed
[3.515s] Level 1:colcon.colcon_core.environment:checking '/home/ubuntu/EN613/class3_ws/install/assignment3' for CMake module files
[3.549s] Level 1:colcon.colcon_core.environment:checking '/home/ubuntu/EN613/class3_ws/install/assignment3' for CMake config files
[3.627s] Level 1:colcon.colcon_core.environment:checking '/home/ubuntu/EN613/class3_ws/install/assignment3/lib'
[3.632s] Level 1:colcon.colcon_core.environment:checking '/home/ubuntu/EN613/class3_ws/install/assignment3/bin'
[3.633s] Level 1:colcon.colcon_core.environment:checking '/home/ubuntu/EN613/class3_ws/install/assignment3/lib/pkgconfig/assignment3.pc'
[3.634s] Level 1:colcon.colcon_core.environment:checking '/home/ubuntu/EN613/class3_ws/install/assignment3/lib/python3.8/site-packages'
[3.640s] Level 1:colcon.colcon_core.shell:create_environment_hook('assignment3', 'pythonpath')
[3.642s] INFO:colcon.colcon_core.shell:Creating environment hook '/home/ubuntu/EN613/class3_ws/install/assignment3/share/assignment3/hook/pythonpath.ps1'
[3.657s] INFO:colcon.colcon_core.shell:Creating environment descriptor '/home/ubuntu/EN613/class3_ws/install/assignment3/share/assignment3/hook/pythonpath.dsv'
[3.680s] INFO:colcon.colcon_core.shell:Creating environment hook '/home/ubuntu/EN613/class3_ws/install/assignment3/share/assignment3/hook/pythonpath.sh'
[3.696s] Level 1:colcon.colcon_core.environment:create_environment_scripts_only(assignment3)
[3.700s] INFO:colcon.colcon_core.shell:Creating package script '/home/ubuntu/EN613/class3_ws/install/assignment3/share/assignment3/package.ps1'
[3.713s] INFO:colcon.colcon_core.shell:Creating package descriptor '/home/ubuntu/EN613/class3_ws/install/assignment3/share/assignment3/package.dsv'
[3.728s] INFO:colcon.colcon_core.shell:Creating package script '/home/ubuntu/EN613/class3_ws/install/assignment3/share/assignment3/package.sh'
[3.744s] INFO:colcon.colcon_core.shell:Creating package script '/home/ubuntu/EN613/class3_ws/install/assignment3/share/assignment3/package.bash'
[3.758s] INFO:colcon.colcon_core.shell:Creating package script '/home/ubuntu/EN613/class3_ws/install/assignment3/share/assignment3/package.zsh'
[3.771s] Level 1:colcon.colcon_core.environment:create_file_with_runtime_dependencies(/home/ubuntu/EN613/class3_ws/install/assignment3/share/colcon-core/packages/assignment3)
[3.785s] DEBUG:colcon.colcon_parallel_executor.executor.parallel:closing loop
[3.787s] DEBUG:colcon.colcon_parallel_executor.executor.parallel:loop closed
[3.788s] DEBUG:colcon.colcon_parallel_executor.executor.parallel:run_until_complete finished with '0'
[3.789s] DEBUG:colcon.colcon_core.event_reactor:joining thread
[3.827s] INFO:colcon.colcon_core.plugin_system:Skipping extension 'colcon_notification.desktop_notification.notify_send': Could not find 'notify-send'
[3.828s] INFO:colcon.colcon_core.plugin_system:Skipping extension 'colcon_notification.desktop_notification.terminal_notifier': Not used on non-Darwin systems
[3.829s] INFO:colcon.colcon_core.plugin_system:Skipping extension 'colcon_notification.desktop_notification.win32': Not used on non-Windows systems
[3.829s] INFO:colcon.colcon_notification.desktop_notification:Sending desktop notification using 'notify2'
[3.839s] DEBUG:colcon.colcon_notification.desktop_notification.notify2:Failed to initialize notify2: org.freedesktop.DBus.Error.ServiceUnknown: The name org.freedesktop.Notifications was not provided by any .service files
[3.841s] DEBUG:colcon.colcon_core.event_reactor:joined thread
[3.843s] INFO:colcon.colcon_core.shell:Creating prefix script '/home/ubuntu/EN613/class3_ws/install/local_setup.ps1'
[3.854s] INFO:colcon.colcon_core.shell:Creating prefix util module '/home/ubuntu/EN613/class3_ws/install/_local_setup_util_ps1.py'
[3.864s] INFO:colcon.colcon_core.shell:Creating prefix chain script '/home/ubuntu/EN613/class3_ws/install/setup.ps1'
[3.898s] INFO:colcon.colcon_core.shell:Creating prefix script '/home/ubuntu/EN613/class3_ws/install/local_setup.sh'
[3.931s] INFO:colcon.colcon_core.shell:Creating prefix util module '/home/ubuntu/EN613/class3_ws/install/_local_setup_util_sh.py'
[3.945s] INFO:colcon.colcon_core.shell:Creating prefix chain script '/home/ubuntu/EN613/class3_ws/install/setup.sh'
[3.972s] INFO:colcon.colcon_core.shell:Creating prefix script '/home/ubuntu/EN613/class3_ws/install/local_setup.bash'
[3.984s] INFO:colcon.colcon_core.shell:Creating prefix chain script '/home/ubuntu/EN613/class3_ws/install/setup.bash'
[4.012s] INFO:colcon.colcon_core.shell:Creating prefix script '/home/ubuntu/EN613/class3_ws/install/local_setup.zsh'
[4.019s] INFO:colcon.colcon_core.shell:Creating prefix chain script '/home/ubuntu/EN613/class3_ws/install/setup.zsh'
