running egg_info
creating /home/ubuntu/EN613/class4_ws/build/assignment4/assignment4.egg-info
writing /home/ubuntu/EN613/class4_ws/build/assignment4/assignment4.egg-info/PKG-INFO
writing dependency_links to /home/ubuntu/EN613/class4_ws/build/assignment4/assignment4.egg-info/dependency_links.txt
writing entry points to /home/ubuntu/EN613/class4_ws/build/assignment4/assignment4.egg-info/entry_points.txt
writing requirements to /home/ubuntu/EN613/class4_ws/build/assignment4/assignment4.egg-info/requires.txt
writing top-level names to /home/ubuntu/EN613/class4_ws/build/assignment4/assignment4.egg-info/top_level.txt
writing manifest file '/home/ubuntu/EN613/class4_ws/build/assignment4/assignment4.egg-info/SOURCES.txt'
reading manifest file '/home/ubuntu/EN613/class4_ws/build/assignment4/assignment4.egg-info/SOURCES.txt'
writing manifest file '/home/ubuntu/EN613/class4_ws/build/assignment4/assignment4.egg-info/SOURCES.txt'
running build
running build_py
creating /home/ubuntu/EN613/class4_ws/build/assignment4/build
creating /home/ubuntu/EN613/class4_ws/build/assignment4/build/lib
creating /home/ubuntu/EN613/class4_ws/build/assignment4/build/lib/assignment4
copying assignment4/assignment4.py -> /home/ubuntu/EN613/class4_ws/build/assignment4/build/lib/assignment4
copying assignment4/__init__.py -> /home/ubuntu/EN613/class4_ws/build/assignment4/build/lib/assignment4
copying assignment4/joint_driver.py -> /home/ubuntu/EN613/class4_ws/build/assignment4/build/lib/assignment4
running install
running install_lib
creating /home/ubuntu/EN613/class4_ws/install/assignment4/lib/python3.8/site-packages/assignment4
copying /home/ubuntu/EN613/class4_ws/build/assignment4/build/lib/assignment4/assignment4.py -> /home/ubuntu/EN613/class4_ws/install/assignment4/lib/python3.8/site-packages/assignment4
copying /home/ubuntu/EN613/class4_ws/build/assignment4/build/lib/assignment4/__init__.py -> /home/ubuntu/EN613/class4_ws/install/assignment4/lib/python3.8/site-packages/assignment4
copying /home/ubuntu/EN613/class4_ws/build/assignment4/build/lib/assignment4/joint_driver.py -> /home/ubuntu/EN613/class4_ws/install/assignment4/lib/python3.8/site-packages/assignment4
byte-compiling /home/ubuntu/EN613/class4_ws/install/assignment4/lib/python3.8/site-packages/assignment4/assignment4.py to assignment4.cpython-38.pyc
byte-compiling /home/ubuntu/EN613/class4_ws/install/assignment4/lib/python3.8/site-packages/assignment4/__init__.py to __init__.cpython-38.pyc
byte-compiling /home/ubuntu/EN613/class4_ws/install/assignment4/lib/python3.8/site-packages/assignment4/joint_driver.py to joint_driver.cpython-38.pyc
running install_data
creating /home/ubuntu/EN613/class4_ws/install/assignment4/share/ament_index
creating /home/ubuntu/EN613/class4_ws/install/assignment4/share/ament_index/resource_index
creating /home/ubuntu/EN613/class4_ws/install/assignment4/share/ament_index/resource_index/packages
copying resource/assignment4 -> /home/ubuntu/EN613/class4_ws/install/assignment4/share/ament_index/resource_index/packages
copying package.xml -> /home/ubuntu/EN613/class4_ws/install/assignment4/share/assignment4
copying launch/assignment4.launch.py -> /home/ubuntu/EN613/class4_ws/install/assignment4/share/assignment4
creating /home/ubuntu/EN613/class4_ws/install/assignment4/share/assignment4/launch
copying launch/single_rrbot.urdf -> /home/ubuntu/EN613/class4_ws/install/assignment4/share/assignment4/launch
copying launch/dummy_model.rviz -> /home/ubuntu/EN613/class4_ws/install/assignment4/share/assignment4/launch
running install_egg_info
Copying /home/ubuntu/EN613/class4_ws/build/assignment4/assignment4.egg-info to /home/ubuntu/EN613/class4_ws/install/assignment4/lib/python3.8/site-packages/assignment4-0.0.0-py3.8.egg-info
running install_scripts
Installing joint_driver script to /home/ubuntu/EN613/class4_ws/install/assignment4/lib/assignment4
writing list of installed files to '/home/ubuntu/EN613/class4_ws/build/assignment4/install.log'
