[1.086s] Invoking command in '/home/ubuntu/EN613/class4_ws/src/assigment4': PYTHONPATH=/home/ubuntu/EN613/class4_ws/install/assignment4/lib/python3.8/site-packages:${PYTHONPATH} /usr/bin/python3 setup.py egg_info --egg-base /home/ubuntu/EN613/class4_ws/build/assignment4 build --build-base /home/ubuntu/EN613/class4_ws/build/assignment4/build install --prefix /home/ubuntu/EN613/class4_ws/install/assignment4 --record /home/ubuntu/EN613/class4_ws/build/assignment4/install.log --single-version-externally-managed
[2.061s] running egg_info
[2.065s] creating /home/ubuntu/EN613/class4_ws/build/assignment4/assignment4.egg-info
[2.069s] writing /home/ubuntu/EN613/class4_ws/build/assignment4/assignment4.egg-info/PKG-INFO
[2.089s] writing dependency_links to /home/ubuntu/EN613/class4_ws/build/assignment4/assignment4.egg-info/dependency_links.txt
[2.110s] writing entry points to /home/ubuntu/EN613/class4_ws/build/assignment4/assignment4.egg-info/entry_points.txt
[2.119s] writing requirements to /home/ubuntu/EN613/class4_ws/build/assignment4/assignment4.egg-info/requires.txt
[2.122s] writing top-level names to /home/ubuntu/EN613/class4_ws/build/assignment4/assignment4.egg-info/top_level.txt
[2.140s] writing manifest file '/home/ubuntu/EN613/class4_ws/build/assignment4/assignment4.egg-info/SOURCES.txt'
[2.296s] reading manifest file '/home/ubuntu/EN613/class4_ws/build/assignment4/assignment4.egg-info/SOURCES.txt'
[2.348s] writing manifest file '/home/ubuntu/EN613/class4_ws/build/assignment4/assignment4.egg-info/SOURCES.txt'
[2.356s] running build
[2.358s] running build_py
[2.362s] creating /home/ubuntu/EN613/class4_ws/build/assignment4/build
[2.365s] creating /home/ubuntu/EN613/class4_ws/build/assignment4/build/lib
[2.368s] creating /home/ubuntu/EN613/class4_ws/build/assignment4/build/lib/assignment4
[2.371s] copying assignment4/assignment4.py -> /home/ubuntu/EN613/class4_ws/build/assignment4/build/lib/assignment4
[2.404s] copying assignment4/__init__.py -> /home/ubuntu/EN613/class4_ws/build/assignment4/build/lib/assignment4
[2.409s] copying assignment4/joint_driver.py -> /home/ubuntu/EN613/class4_ws/build/assignment4/build/lib/assignment4
[2.427s] running install
[2.436s] running install_lib
[2.457s] creating /home/ubuntu/EN613/class4_ws/install/assignment4/lib/python3.8/site-packages/assignment4
[2.468s] copying /home/ubuntu/EN613/class4_ws/build/assignment4/build/lib/assignment4/assignment4.py -> /home/ubuntu/EN613/class4_ws/install/assignment4/lib/python3.8/site-packages/assignment4
[2.512s] copying /home/ubuntu/EN613/class4_ws/build/assignment4/build/lib/assignment4/__init__.py -> /home/ubuntu/EN613/class4_ws/install/assignment4/lib/python3.8/site-packages/assignment4
[2.529s] copying /home/ubuntu/EN613/class4_ws/build/assignment4/build/lib/assignment4/joint_driver.py -> /home/ubuntu/EN613/class4_ws/install/assignment4/lib/python3.8/site-packages/assignment4
[2.560s] byte-compiling /home/ubuntu/EN613/class4_ws/install/assignment4/lib/python3.8/site-packages/assignment4/assignment4.py to assignment4.cpython-38.pyc
[2.588s] byte-compiling /home/ubuntu/EN613/class4_ws/install/assignment4/lib/python3.8/site-packages/assignment4/__init__.py to __init__.cpython-38.pyc
[2.621s] byte-compiling /home/ubuntu/EN613/class4_ws/install/assignment4/lib/python3.8/site-packages/assignment4/joint_driver.py to joint_driver.cpython-38.pyc
[2.634s] running install_data
[2.642s] creating /home/ubuntu/EN613/class4_ws/install/assignment4/share/ament_index
[2.644s] creating /home/ubuntu/EN613/class4_ws/install/assignment4/share/ament_index/resource_index
[2.647s] creating /home/ubuntu/EN613/class4_ws/install/assignment4/share/ament_index/resource_index/packages
[2.649s] copying resource/assignment4 -> /home/ubuntu/EN613/class4_ws/install/assignment4/share/ament_index/resource_index/packages
[2.667s] copying package.xml -> /home/ubuntu/EN613/class4_ws/install/assignment4/share/assignment4
[2.683s] copying launch/assignment4.launch.py -> /home/ubuntu/EN613/class4_ws/install/assignment4/share/assignment4
[2.705s] creating /home/ubuntu/EN613/class4_ws/install/assignment4/share/assignment4/launch
[2.714s] copying launch/single_rrbot.urdf -> /home/ubuntu/EN613/class4_ws/install/assignment4/share/assignment4/launch
[2.732s] copying launch/dummy_model.rviz -> /home/ubuntu/EN613/class4_ws/install/assignment4/share/assignment4/launch
[2.743s] running install_egg_info
[2.759s] Copying /home/ubuntu/EN613/class4_ws/build/assignment4/assignment4.egg-info to /home/ubuntu/EN613/class4_ws/install/assignment4/lib/python3.8/site-packages/assignment4-0.0.0-py3.8.egg-info
[2.965s] running install_scripts
[3.074s] Installing joint_driver script to /home/ubuntu/EN613/class4_ws/install/assignment4/lib/assignment4
[3.088s] writing list of installed files to '/home/ubuntu/EN613/class4_ws/build/assignment4/install.log'
[3.150s] Invoked command in '/home/ubuntu/EN613/class4_ws/src/assigment4' returned '0': PYTHONPATH=/home/ubuntu/EN613/class4_ws/install/assignment4/lib/python3.8/site-packages:${PYTHONPATH} /usr/bin/python3 setup.py egg_info --egg-base /home/ubuntu/EN613/class4_ws/build/assignment4 build --build-base /home/ubuntu/EN613/class4_ws/build/assignment4/build install --prefix /home/ubuntu/EN613/class4_ws/install/assignment4 --record /home/ubuntu/EN613/class4_ws/build/assignment4/install.log --single-version-externally-managed
